<?xml version="1.0" encoding="UTF-8"?>
<testng-results ignored="7" total="8" passed="1" failed="0" skipped="0">
  <reporter-output>
  </reporter-output>
  <suite started-at="2022-09-01T17:33:29 PKT" name=" FWA Test Collection Suite" finished-at="2022-09-01T17:35:21 PKT" duration-ms="112209">
    <groups>
      <group name="smoke">
        <method signature="UserManagement.FWA_UserManagement_003()[pri:1, instance:automationCases.UserManagement@3daa422a]" name="FWA_UserManagement_003" class="automationCases.UserManagement"/>
      </group> <!-- smoke -->
      <group name="regression11">
        <method signature="UserManagement.FWA_UserManagement_003()[pri:1, instance:automationCases.UserManagement@3daa422a]" name="FWA_UserManagement_003" class="automationCases.UserManagement"/>
      </group> <!-- regression11 -->
    </groups>
    <test started-at="2022-09-01T17:33:29 PKT" name="First Test" finished-at="2022-09-01T17:35:21 PKT" duration-ms="112209">
      <class name="automationCases.UserManagement">
        <test-method is-config="true" signature="startTest()[pri:0, instance:automationCases.UserManagement@3daa422a]" started-at="2022-09-01T17:33:29 PKT" name="startTest" finished-at="2022-09-01T17:33:29 PKT" duration-ms="209" status="PASS">
          <reporter-output>
          </reporter-output>
        </test-method> <!-- startTest -->
        <test-method signature="FWA_UserManagement_003()[pri:1, instance:automationCases.UserManagement@3daa422a]" started-at="2022-09-01T17:33:29 PKT" name="FWA_UserManagement_003" finished-at="2022-09-01T17:35:21 PKT" duration-ms="112158" status="PASS">
          <reporter-output>
          </reporter-output>
        </test-method> <!-- FWA_UserManagement_003 -->
        <test-method is-config="true" signature="endTest()[pri:0, instance:automationCases.UserManagement@3daa422a]" started-at="2022-09-01T17:35:21 PKT" name="endTest" finished-at="2022-09-01T17:35:22 PKT" duration-ms="633" status="PASS">
          <reporter-output>
          </reporter-output>
        </test-method> <!-- endTest -->
      </class> <!-- automationCases.UserManagement -->
    </test> <!-- First Test -->
  </suite> <!--  FWA Test Collection Suite -->
</testng-results>
