<?xml version="1.0" encoding="UTF-8"?>
<testng-results skipped="0" failed="0" ignored="10" total="12" passed="2">
  <reporter-output>
  </reporter-output>
  <suite name=" FWA Test Collection Suite" duration-ms="175928" started-at="2022-06-14T17:49:13 PKT" finished-at="2022-06-14T17:52:09 PKT">
    <groups>
      <group name="Regression33">
        <method signature="Projects.FWA_Project_008()[pri:8, instance:automationCases.Projects@12cdcf4]" name="FWA_Project_008" class="automationCases.Projects"/>
        <method signature="Projects.FWA_Project_009()[pri:9, instance:automationCases.Projects@12cdcf4]" name="FWA_Project_009" class="automationCases.Projects"/>
      </group> <!-- Regression33 -->
    </groups>
    <test name="First Test" duration-ms="175928" started-at="2022-06-14T17:49:13 PKT" finished-at="2022-06-14T17:52:09 PKT">
      <class name="automationCases.Projects">
        <test-method status="PASS" signature="startTest()[pri:0, instance:automationCases.Projects@12cdcf4]" name="startTest" is-config="true" duration-ms="163" started-at="2022-06-14T17:49:13 PKT" finished-at="2022-06-14T17:49:13 PKT">
          <reporter-output>
          </reporter-output>
        </test-method> <!-- startTest -->
        <test-method status="PASS" signature="FWA_Project_008()[pri:8, instance:automationCases.Projects@12cdcf4]" name="FWA_Project_008" duration-ms="63992" started-at="2022-06-14T17:49:13 PKT" finished-at="2022-06-14T17:50:17 PKT">
          <reporter-output>
          </reporter-output>
        </test-method> <!-- FWA_Project_008 -->
        <test-method status="PASS" signature="FWA_Project_009()[pri:9, instance:automationCases.Projects@12cdcf4]" name="FWA_Project_009" duration-ms="111888" started-at="2022-06-14T17:50:17 PKT" finished-at="2022-06-14T17:52:09 PKT">
          <reporter-output>
          </reporter-output>
        </test-method> <!-- FWA_Project_009 -->
        <test-method status="PASS" signature="endTest()[pri:0, instance:automationCases.Projects@12cdcf4]" name="endTest" is-config="true" duration-ms="502" started-at="2022-06-14T17:52:09 PKT" finished-at="2022-06-14T17:52:10 PKT">
          <reporter-output>
          </reporter-output>
        </test-method> <!-- endTest -->
      </class> <!-- automationCases.Projects -->
    </test> <!-- First Test -->
  </suite> <!--  FWA Test Collection Suite -->
</testng-results>
