<?xml version="1.0" encoding="UTF-8"?>
<testng-results skipped="0" failed="0" ignored="0" total="1" passed="1">
  <reporter-output>
  </reporter-output>
  <suite name=" FWA Test Collection Suite" duration-ms="49198" started-at="2022-05-09T17:23:43 PKT" finished-at="2022-05-09T17:24:32 PKT">
    <groups>
      <group name="Smoke">
        <method signature="Scheduler.FWA_Scheduler_001()[pri:1, instance:automationCases.Scheduler@29b5cd00]" name="FWA_Scheduler_001" class="automationCases.Scheduler"/>
      </group> <!-- Smoke -->
    </groups>
    <test name="First Test" duration-ms="49198" started-at="2022-05-09T17:23:43 PKT" finished-at="2022-05-09T17:24:32 PKT">
      <class name="automationCases.Scheduler">
        <test-method status="PASS" signature="startTest()[pri:0, instance:automationCases.Scheduler@29b5cd00]" name="startTest" is-config="true" duration-ms="200" started-at="2022-05-09T17:23:43 PKT" finished-at="2022-05-09T17:23:43 PKT">
          <reporter-output>
          </reporter-output>
        </test-method> <!-- startTest -->
        <test-method status="PASS" signature="FWA_Scheduler_001()[pri:1, instance:automationCases.Scheduler@29b5cd00]" name="FWA_Scheduler_001" duration-ms="49160" started-at="2022-05-09T17:23:43 PKT" finished-at="2022-05-09T17:24:32 PKT">
          <reporter-output>
          </reporter-output>
        </test-method> <!-- FWA_Scheduler_001 -->
        <test-method status="PASS" signature="endTest()[pri:0, instance:automationCases.Scheduler@29b5cd00]" name="endTest" is-config="true" duration-ms="490" started-at="2022-05-09T17:24:32 PKT" finished-at="2022-05-09T17:24:33 PKT">
          <reporter-output>
          </reporter-output>
        </test-method> <!-- endTest -->
      </class> <!-- automationCases.Scheduler -->
    </test> <!-- First Test -->
  </suite> <!--  FWA Test Collection Suite -->
</testng-results>
