<?xml version="1.0" encoding="UTF-8"?>
<testng-results skipped="0" failed="0" ignored="10" total="12" passed="2">
  <reporter-output>
  </reporter-output>
  <suite name=" FWA Test Collection Suite" duration-ms="94449" started-at="2022-06-23T18:15:47 PKT" finished-at="2022-06-23T18:17:21 PKT">
    <groups>
      <group name="regression11">
        <method signature="Projects.FWA_Project_006()[pri:6, instance:automationCases.Projects@6a1aab78]" name="FWA_Project_006" class="automationCases.Projects"/>
        <method signature="Projects.FWA_Project_007()[pri:7, instance:automationCases.Projects@6a1aab78]" name="FWA_Project_007" class="automationCases.Projects"/>
      </group> <!-- regression11 -->
    </groups>
    <test name="First Test" duration-ms="94449" started-at="2022-06-23T18:15:47 PKT" finished-at="2022-06-23T18:17:21 PKT">
      <class name="automationCases.Projects">
        <test-method status="PASS" signature="startTest()[pri:0, instance:automationCases.Projects@6a1aab78]" name="startTest" is-config="true" duration-ms="128" started-at="2022-06-23T18:15:47 PKT" finished-at="2022-06-23T18:15:47 PKT">
          <reporter-output>
          </reporter-output>
        </test-method> <!-- startTest -->
        <test-method status="PASS" signature="FWA_Project_006()[pri:6, instance:automationCases.Projects@6a1aab78]" name="FWA_Project_006" duration-ms="53496" started-at="2022-06-23T18:15:47 PKT" finished-at="2022-06-23T18:16:40 PKT">
          <reporter-output>
          </reporter-output>
        </test-method> <!-- FWA_Project_006 -->
        <test-method status="PASS" signature="FWA_Project_007()[pri:7, instance:automationCases.Projects@6a1aab78]" name="FWA_Project_007" duration-ms="40916" started-at="2022-06-23T18:16:40 PKT" finished-at="2022-06-23T18:17:21 PKT">
          <reporter-output>
          </reporter-output>
        </test-method> <!-- FWA_Project_007 -->
        <test-method status="PASS" signature="endTest()[pri:0, instance:automationCases.Projects@6a1aab78]" name="endTest" is-config="true" duration-ms="573" started-at="2022-06-23T18:17:21 PKT" finished-at="2022-06-23T18:17:22 PKT">
          <reporter-output>
          </reporter-output>
        </test-method> <!-- endTest -->
      </class> <!-- automationCases.Projects -->
    </test> <!-- First Test -->
  </suite> <!--  FWA Test Collection Suite -->
</testng-results>
