<?xml version="1.0" encoding="UTF-8"?>
<testng-results ignored="0" total="8" passed="8" failed="0" skipped="0">
  <reporter-output>
  </reporter-output>
  <suite started-at="2022-07-27T18:18:06 PKT" name=" FWA Test Collection Suite" finished-at="2022-07-27T18:26:14 PKT" duration-ms="487562">
    <groups>
      <group name="regression">
        <method signature="DataCleansing.FWA_DataCleansing_001()[pri:1, instance:automationCases.DataCleansing@31c88ec8]" name="FWA_DataCleansing_001" class="automationCases.DataCleansing"/>
        <method signature="DataCleansing.FWA_DataCleansing_002()[pri:2, instance:automationCases.DataCleansing@31c88ec8]" name="FWA_DataCleansing_002" class="automationCases.DataCleansing"/>
        <method signature="DataCleansing.FWA_DataCleansing_003()[pri:3, instance:automationCases.DataCleansing@31c88ec8]" name="FWA_DataCleansing_003" class="automationCases.DataCleansing"/>
        <method signature="DataCleansing.FWA_DataCleansing_004()[pri:4, instance:automationCases.DataCleansing@31c88ec8]" name="FWA_DataCleansing_004" class="automationCases.DataCleansing"/>
        <method signature="DataCleansing.FWA_DataCleansing_005()[pri:5, instance:automationCases.DataCleansing@31c88ec8]" name="FWA_DataCleansing_005" class="automationCases.DataCleansing"/>
        <method signature="DataCleansing.FWA_DataCleansing_006()[pri:6, instance:automationCases.DataCleansing@31c88ec8]" name="FWA_DataCleansing_006" class="automationCases.DataCleansing"/>
        <method signature="DataCleansing.FWA_DataCleansing_007()[pri:7, instance:automationCases.DataCleansing@31c88ec8]" name="FWA_DataCleansing_007" class="automationCases.DataCleansing"/>
        <method signature="DataCleansing.FWA_DataCleansing_008()[pri:8, instance:automationCases.DataCleansing@31c88ec8]" name="FWA_DataCleansing_008" class="automationCases.DataCleansing"/>
      </group> <!-- regression -->
      <group name="smoke">
        <method signature="DataCleansing.FWA_DataCleansing_001()[pri:1, instance:automationCases.DataCleansing@31c88ec8]" name="FWA_DataCleansing_001" class="automationCases.DataCleansing"/>
        <method signature="DataCleansing.FWA_DataCleansing_002()[pri:2, instance:automationCases.DataCleansing@31c88ec8]" name="FWA_DataCleansing_002" class="automationCases.DataCleansing"/>
        <method signature="DataCleansing.FWA_DataCleansing_003()[pri:3, instance:automationCases.DataCleansing@31c88ec8]" name="FWA_DataCleansing_003" class="automationCases.DataCleansing"/>
        <method signature="DataCleansing.FWA_DataCleansing_004()[pri:4, instance:automationCases.DataCleansing@31c88ec8]" name="FWA_DataCleansing_004" class="automationCases.DataCleansing"/>
        <method signature="DataCleansing.FWA_DataCleansing_005()[pri:5, instance:automationCases.DataCleansing@31c88ec8]" name="FWA_DataCleansing_005" class="automationCases.DataCleansing"/>
        <method signature="DataCleansing.FWA_DataCleansing_006()[pri:6, instance:automationCases.DataCleansing@31c88ec8]" name="FWA_DataCleansing_006" class="automationCases.DataCleansing"/>
        <method signature="DataCleansing.FWA_DataCleansing_007()[pri:7, instance:automationCases.DataCleansing@31c88ec8]" name="FWA_DataCleansing_007" class="automationCases.DataCleansing"/>
        <method signature="DataCleansing.FWA_DataCleansing_008()[pri:8, instance:automationCases.DataCleansing@31c88ec8]" name="FWA_DataCleansing_008" class="automationCases.DataCleansing"/>
      </group> <!-- smoke -->
    </groups>
    <test started-at="2022-07-27T18:18:06 PKT" name="First Test" finished-at="2022-07-27T18:26:14 PKT" duration-ms="487562">
      <class name="automationCases.DataCleansing">
        <test-method is-config="true" signature="startTest()[pri:0, instance:automationCases.DataCleansing@31c88ec8]" started-at="2022-07-27T18:18:06 PKT" name="startTest" finished-at="2022-07-27T18:18:06 PKT" duration-ms="122" status="PASS">
          <reporter-output>
          </reporter-output>
        </test-method> <!-- startTest -->
        <test-method signature="FWA_DataCleansing_001()[pri:1, instance:automationCases.DataCleansing@31c88ec8]" started-at="2022-07-27T18:18:06 PKT" name="FWA_DataCleansing_001" finished-at="2022-07-27T18:18:39 PKT" duration-ms="32850" status="PASS">
          <reporter-output>
          </reporter-output>
        </test-method> <!-- FWA_DataCleansing_001 -->
        <test-method signature="FWA_DataCleansing_002()[pri:2, instance:automationCases.DataCleansing@31c88ec8]" started-at="2022-07-27T18:18:39 PKT" name="FWA_DataCleansing_002" finished-at="2022-07-27T18:19:29 PKT" duration-ms="49515" status="PASS">
          <reporter-output>
          </reporter-output>
        </test-method> <!-- FWA_DataCleansing_002 -->
        <test-method signature="FWA_DataCleansing_003()[pri:3, instance:automationCases.DataCleansing@31c88ec8]" started-at="2022-07-27T18:19:29 PKT" name="FWA_DataCleansing_003" finished-at="2022-07-27T18:19:54 PKT" duration-ms="24827" status="PASS">
          <reporter-output>
          </reporter-output>
        </test-method> <!-- FWA_DataCleansing_003 -->
        <test-method signature="FWA_DataCleansing_004()[pri:4, instance:automationCases.DataCleansing@31c88ec8]" started-at="2022-07-27T18:19:54 PKT" name="FWA_DataCleansing_004" finished-at="2022-07-27T18:20:15 PKT" duration-ms="21667" status="PASS">
          <reporter-output>
          </reporter-output>
        </test-method> <!-- FWA_DataCleansing_004 -->
        <test-method signature="FWA_DataCleansing_005()[pri:5, instance:automationCases.DataCleansing@31c88ec8]" started-at="2022-07-27T18:20:15 PKT" name="FWA_DataCleansing_005" finished-at="2022-07-27T18:21:06 PKT" duration-ms="51077" status="PASS">
          <reporter-output>
          </reporter-output>
        </test-method> <!-- FWA_DataCleansing_005 -->
        <test-method signature="FWA_DataCleansing_006()[pri:6, instance:automationCases.DataCleansing@31c88ec8]" started-at="2022-07-27T18:21:06 PKT" name="FWA_DataCleansing_006" finished-at="2022-07-27T18:22:27 PKT" duration-ms="80515" status="PASS">
          <reporter-output>
          </reporter-output>
        </test-method> <!-- FWA_DataCleansing_006 -->
        <test-method signature="FWA_DataCleansing_007()[pri:7, instance:automationCases.DataCleansing@31c88ec8]" started-at="2022-07-27T18:22:27 PKT" name="FWA_DataCleansing_007" finished-at="2022-07-27T18:23:28 PKT" duration-ms="60837" status="PASS">
          <reporter-output>
          </reporter-output>
        </test-method> <!-- FWA_DataCleansing_007 -->
        <test-method signature="FWA_DataCleansing_008()[pri:8, instance:automationCases.DataCleansing@31c88ec8]" started-at="2022-07-27T18:23:28 PKT" name="FWA_DataCleansing_008" finished-at="2022-07-27T18:26:14 PKT" duration-ms="166231" status="PASS">
          <reporter-output>
          </reporter-output>
        </test-method> <!-- FWA_DataCleansing_008 -->
        <test-method is-config="true" signature="endTest()[pri:0, instance:automationCases.DataCleansing@31c88ec8]" started-at="2022-07-27T18:26:14 PKT" name="endTest" finished-at="2022-07-27T18:26:14 PKT" duration-ms="437" status="PASS">
          <reporter-output>
          </reporter-output>
        </test-method> <!-- endTest -->
      </class> <!-- automationCases.DataCleansing -->
    </test> <!-- First Test -->
  </suite> <!--  FWA Test Collection Suite -->
</testng-results>
