<?xml version="1.0" encoding="UTF-8"?>
<testng-results ignored="0" total="4" passed="4" failed="0" skipped="0">
  <reporter-output>
  </reporter-output>
  <suite started-at="2022-08-24T12:20:08 UTC" name=" FWA Test Collection Suite" finished-at="2022-08-24T12:36:11 UTC" duration-ms="962437">
    <groups>
      <group name="smoke">
        <method signature="CreateInitiative.FWA_CreateInitiative_002()[pri:2, instance:automationCases.CreateInitiative@5acf93bb]" name="FWA_CreateInitiative_002" class="automationCases.CreateInitiative"/>
        <method signature="CreateInitiative.FWA_CreateInitiative_003()[pri:3, instance:automationCases.CreateInitiative@5acf93bb]" name="FWA_CreateInitiative_003" class="automationCases.CreateInitiative"/>
        <method signature="CreateInitiative.FWA_CreateInitiative_004()[pri:4, instance:automationCases.CreateInitiative@5acf93bb]" name="FWA_CreateInitiative_004" class="automationCases.CreateInitiative"/>
      </group> <!-- smoke -->
      <group name="regression1">
        <method signature="CreateInitiative.FWA_CreateInitiative_001()[pri:1, instance:automationCases.CreateInitiative@5acf93bb]" name="FWA_CreateInitiative_001" class="automationCases.CreateInitiative"/>
        <method signature="CreateInitiative.FWA_CreateInitiative_002()[pri:2, instance:automationCases.CreateInitiative@5acf93bb]" name="FWA_CreateInitiative_002" class="automationCases.CreateInitiative"/>
        <method signature="CreateInitiative.FWA_CreateInitiative_003()[pri:3, instance:automationCases.CreateInitiative@5acf93bb]" name="FWA_CreateInitiative_003" class="automationCases.CreateInitiative"/>
        <method signature="CreateInitiative.FWA_CreateInitiative_004()[pri:4, instance:automationCases.CreateInitiative@5acf93bb]" name="FWA_CreateInitiative_004" class="automationCases.CreateInitiative"/>
      </group> <!-- regression1 -->
    </groups>
    <test started-at="2022-08-24T12:20:08 UTC" name="First Test" finished-at="2022-08-24T12:36:11 UTC" duration-ms="962437">
      <class name="automationCases.CreateInitiative">
        <test-method is-config="true" signature="startTest()[pri:0, instance:automationCases.CreateInitiative@5acf93bb]" started-at="2022-08-24T12:20:08 UTC" name="startTest" finished-at="2022-08-24T12:20:08 UTC" duration-ms="141" status="PASS">
          <reporter-output>
          </reporter-output>
        </test-method> <!-- startTest -->
        <test-method signature="FWA_CreateInitiative_001()[pri:1, instance:automationCases.CreateInitiative@5acf93bb]" started-at="2022-08-24T12:20:08 UTC" name="FWA_CreateInitiative_001" finished-at="2022-08-24T12:20:52 UTC" duration-ms="43598" status="PASS">
          <reporter-output>
          </reporter-output>
        </test-method> <!-- FWA_CreateInitiative_001 -->
        <test-method signature="FWA_CreateInitiative_002()[pri:2, instance:automationCases.CreateInitiative@5acf93bb]" started-at="2022-08-24T12:20:52 UTC" name="FWA_CreateInitiative_002" finished-at="2022-08-24T12:22:41 UTC" duration-ms="109093" status="PASS">
          <reporter-output>
          </reporter-output>
        </test-method> <!-- FWA_CreateInitiative_002 -->
        <test-method signature="FWA_CreateInitiative_003()[pri:3, instance:automationCases.CreateInitiative@5acf93bb]" started-at="2022-08-24T12:22:41 UTC" name="FWA_CreateInitiative_003" finished-at="2022-08-24T12:35:03 UTC" duration-ms="742530" status="PASS">
          <reporter-output>
          </reporter-output>
        </test-method> <!-- FWA_CreateInitiative_003 -->
        <test-method signature="FWA_CreateInitiative_004()[pri:4, instance:automationCases.CreateInitiative@5acf93bb]" started-at="2022-08-24T12:35:03 UTC" name="FWA_CreateInitiative_004" finished-at="2022-08-24T12:36:11 UTC" duration-ms="67178" status="PASS">
          <reporter-output>
          </reporter-output>
        </test-method> <!-- FWA_CreateInitiative_004 -->
        <test-method is-config="true" signature="endTest()[pri:0, instance:automationCases.CreateInitiative@5acf93bb]" started-at="2022-08-24T12:36:11 UTC" name="endTest" finished-at="2022-08-24T12:36:11 UTC" duration-ms="226" status="PASS">
          <reporter-output>
          </reporter-output>
        </test-method> <!-- endTest -->
      </class> <!-- automationCases.CreateInitiative -->
    </test> <!-- First Test -->
  </suite> <!--  FWA Test Collection Suite -->
</testng-results>
