<?xml version="1.0" encoding="UTF-8"?>
<testng-results ignored="2" total="3" passed="1" failed="0" skipped="0">
  <reporter-output>
  </reporter-output>
  <suite started-at="2022-08-30T18:01:21 PKT" name=" FWA Test Collection Suite" finished-at="2022-08-30T18:13:15 PKT" duration-ms="714294">
    <groups>
      <group name="regression1">
        <method signature="QueryBuilder.FWA_QueryBuilder_003()[pri:1, instance:automationCases.QueryBuilder@15c43bd9]" name="FWA_QueryBuilder_003" class="automationCases.QueryBuilder"/>
      </group> <!-- regression1 -->
      <group name="smoke">
        <method signature="QueryBuilder.FWA_QueryBuilder_003()[pri:1, instance:automationCases.QueryBuilder@15c43bd9]" name="FWA_QueryBuilder_003" class="automationCases.QueryBuilder"/>
      </group> <!-- smoke -->
    </groups>
    <test started-at="2022-08-30T18:01:21 PKT" name="First Test" finished-at="2022-08-30T18:13:15 PKT" duration-ms="714294">
      <class name="automationCases.QueryBuilder">
        <test-method is-config="true" signature="startTest()[pri:0, instance:automationCases.QueryBuilder@15c43bd9]" started-at="2022-08-30T18:01:20 PKT" name="startTest" finished-at="2022-08-30T18:01:21 PKT" duration-ms="212" status="PASS">
          <reporter-output>
          </reporter-output>
        </test-method> <!-- startTest -->
        <test-method signature="FWA_QueryBuilder_003()[pri:1, instance:automationCases.QueryBuilder@15c43bd9]" started-at="2022-08-30T18:01:21 PKT" name="FWA_QueryBuilder_003" finished-at="2022-08-30T18:13:15 PKT" duration-ms="714255" status="PASS">
          <reporter-output>
          </reporter-output>
        </test-method> <!-- FWA_QueryBuilder_003 -->
        <test-method is-config="true" signature="endTest()[pri:0, instance:automationCases.QueryBuilder@15c43bd9]" started-at="2022-08-30T18:13:15 PKT" name="endTest" finished-at="2022-08-30T18:13:15 PKT" duration-ms="424" status="PASS">
          <reporter-output>
          </reporter-output>
        </test-method> <!-- endTest -->
      </class> <!-- automationCases.QueryBuilder -->
    </test> <!-- First Test -->
  </suite> <!--  FWA Test Collection Suite -->
</testng-results>
