<?xml version="1.0" encoding="UTF-8"?>
<testng-results ignored="5" total="6" passed="1" failed="0" skipped="0">
  <reporter-output>
  </reporter-output>
  <suite started-at="2022-06-27T18:53:53 PKT" name=" FWA Test Collection Suite" finished-at="2022-06-27T18:54:51 PKT" duration-ms="58334">
    <groups>
      <group name="regression1">
        <method signature="DataSource.FWA_DataSource_002()[pri:2, instance:automationCases.DataSource@2145b572]" name="FWA_DataSource_002" class="automationCases.DataSource"/>
      </group> <!-- regression1 -->
    </groups>
    <test started-at="2022-06-27T18:53:53 PKT" name="First Test" finished-at="2022-06-27T18:54:51 PKT" duration-ms="58334">
      <class name="automationCases.DataSource">
        <test-method is-config="true" signature="startTest()[pri:0, instance:automationCases.DataSource@2145b572]" started-at="2022-06-27T18:53:53 PKT" name="startTest" finished-at="2022-06-27T18:53:53 PKT" duration-ms="316" status="PASS">
          <reporter-output>
          </reporter-output>
        </test-method> <!-- startTest -->
        <test-method signature="FWA_DataSource_002()[pri:2, instance:automationCases.DataSource@2145b572]" started-at="2022-06-27T18:53:53 PKT" name="FWA_DataSource_002" finished-at="2022-06-27T18:54:51 PKT" duration-ms="58279" status="PASS">
          <reporter-output>
          </reporter-output>
        </test-method> <!-- FWA_DataSource_002 -->
        <test-method is-config="true" signature="endTest()[pri:0, instance:automationCases.DataSource@2145b572]" started-at="2022-06-27T18:54:51 PKT" name="endTest" finished-at="2022-06-27T18:54:52 PKT" duration-ms="405" status="PASS">
          <reporter-output>
          </reporter-output>
        </test-method> <!-- endTest -->
      </class> <!-- automationCases.DataSource -->
    </test> <!-- First Test -->
  </suite> <!--  FWA Test Collection Suite -->
</testng-results>
