<?xml version="1.0" encoding="UTF-8"?>
<testng-results skipped="0" failed="0" ignored="11" total="12" passed="1">
  <reporter-output>
  </reporter-output>
  <suite name=" FWA Test Collection Suite" duration-ms="47208" started-at="2022-06-15T19:00:32 PKT" finished-at="2022-06-15T19:01:19 PKT">
    <groups>
      <group name="Regression333">
        <method signature="Projects.FWA_Project_006()[pri:6, instance:automationCases.Projects@12cdcf4]" name="FWA_Project_006" class="automationCases.Projects"/>
      </group> <!-- Regression333 -->
    </groups>
    <test name="First Test" duration-ms="47208" started-at="2022-06-15T19:00:32 PKT" finished-at="2022-06-15T19:01:19 PKT">
      <class name="automationCases.Projects">
        <test-method status="PASS" signature="startTest()[pri:0, instance:automationCases.Projects@12cdcf4]" name="startTest" is-config="true" duration-ms="109" started-at="2022-06-15T19:00:31 PKT" finished-at="2022-06-15T19:00:32 PKT">
          <reporter-output>
          </reporter-output>
        </test-method> <!-- startTest -->
        <test-method status="PASS" signature="FWA_Project_006()[pri:6, instance:automationCases.Projects@12cdcf4]" name="FWA_Project_006" duration-ms="47175" started-at="2022-06-15T19:00:32 PKT" finished-at="2022-06-15T19:01:19 PKT">
          <reporter-output>
          </reporter-output>
        </test-method> <!-- FWA_Project_006 -->
        <test-method status="PASS" signature="endTest()[pri:0, instance:automationCases.Projects@12cdcf4]" name="endTest" is-config="true" duration-ms="538" started-at="2022-06-15T19:01:19 PKT" finished-at="2022-06-15T19:01:19 PKT">
          <reporter-output>
          </reporter-output>
        </test-method> <!-- endTest -->
      </class> <!-- automationCases.Projects -->
    </test> <!-- First Test -->
  </suite> <!--  FWA Test Collection Suite -->
</testng-results>
