<?xml version="1.0" encoding="UTF-8"?>
<testng-results ignored="7" total="8" passed="1" failed="0" skipped="0">
  <reporter-output>
  </reporter-output>
  <suite started-at="2022-08-31T14:00:27 UTC" name=" FWA Test Collection Suite" finished-at="2022-08-31T14:00:57 UTC" duration-ms="30814">
    <groups>
      <group name="smoke">
        <method signature="UserManagement.FWA_UserManagement_007()[pri:1, instance:automationCases.UserManagement@7e7be63f]" name="FWA_UserManagement_007" class="automationCases.UserManagement"/>
      </group> <!-- smoke -->
      <group name="regression2">
        <method signature="UserManagement.FWA_UserManagement_007()[pri:1, instance:automationCases.UserManagement@7e7be63f]" name="FWA_UserManagement_007" class="automationCases.UserManagement"/>
      </group> <!-- regression2 -->
    </groups>
    <test started-at="2022-08-31T14:00:27 UTC" name="First Test" finished-at="2022-08-31T14:00:57 UTC" duration-ms="30814">
      <class name="automationCases.UserManagement">
        <test-method is-config="true" signature="startTest()[pri:0, instance:automationCases.UserManagement@7e7be63f]" started-at="2022-08-31T14:00:27 UTC" name="startTest" finished-at="2022-08-31T14:00:27 UTC" duration-ms="143" status="PASS">
          <reporter-output>
          </reporter-output>
        </test-method> <!-- startTest -->
        <test-method signature="FWA_UserManagement_007()[pri:1, instance:automationCases.UserManagement@7e7be63f]" started-at="2022-08-31T14:00:27 UTC" name="FWA_UserManagement_007" finished-at="2022-08-31T14:00:57 UTC" duration-ms="30776" status="PASS">
          <reporter-output>
          </reporter-output>
        </test-method> <!-- FWA_UserManagement_007 -->
        <test-method is-config="true" signature="endTest()[pri:0, instance:automationCases.UserManagement@7e7be63f]" started-at="2022-08-31T14:00:57 UTC" name="endTest" finished-at="2022-08-31T14:00:58 UTC" duration-ms="204" status="PASS">
          <reporter-output>
          </reporter-output>
        </test-method> <!-- endTest -->
      </class> <!-- automationCases.UserManagement -->
    </test> <!-- First Test -->
  </suite> <!--  FWA Test Collection Suite -->
</testng-results>
