<?xml version="1.0" encoding="UTF-8"?>
<testng-results ignored="5" total="6" passed="1" failed="0" skipped="0">
  <reporter-output>
  </reporter-output>
  <suite started-at="2022-07-27T18:26:59 PKT" name=" FWA Test Collection Suite" finished-at="2022-07-27T18:28:52 PKT" duration-ms="112415">
    <groups>
      <group name="regression2">
        <method signature="DataSource.FWA_DataSource_006()[pri:3, instance:automationCases.DataSource@2145b572]" name="FWA_DataSource_006" class="automationCases.DataSource"/>
      </group> <!-- regression2 -->
    </groups>
    <test started-at="2022-07-27T18:26:59 PKT" name="First Test" finished-at="2022-07-27T18:28:52 PKT" duration-ms="112415">
      <class name="automationCases.DataSource">
        <test-method is-config="true" signature="startTest()[pri:0, instance:automationCases.DataSource@2145b572]" started-at="2022-07-27T18:26:59 PKT" name="startTest" finished-at="2022-07-27T18:26:59 PKT" duration-ms="139" status="PASS">
          <reporter-output>
          </reporter-output>
        </test-method> <!-- startTest -->
        <test-method signature="FWA_DataSource_006()[pri:3, instance:automationCases.DataSource@2145b572]" started-at="2022-07-27T18:26:59 PKT" name="FWA_DataSource_006" finished-at="2022-07-27T18:28:52 PKT" duration-ms="112385" status="PASS">
          <reporter-output>
          </reporter-output>
        </test-method> <!-- FWA_DataSource_006 -->
        <test-method is-config="true" signature="endTest()[pri:0, instance:automationCases.DataSource@2145b572]" started-at="2022-07-27T18:28:52 PKT" name="endTest" finished-at="2022-07-27T18:28:52 PKT" duration-ms="588" status="PASS">
          <reporter-output>
          </reporter-output>
        </test-method> <!-- endTest -->
      </class> <!-- automationCases.DataSource -->
    </test> <!-- First Test -->
  </suite> <!--  FWA Test Collection Suite -->
</testng-results>
