<?xml version="1.0" encoding="UTF-8"?>
<testng-results ignored="4" total="6" passed="2" failed="0" skipped="0">
  <reporter-output>
  </reporter-output>
  <suite started-at="2022-07-15T19:19:34 PKT" name=" FWA Test Collection Suite" finished-at="2022-07-15T19:21:16 PKT" duration-ms="102321">
    <groups>
      <group name="regression1">
        <method signature="DataSource.FWA_DataSource_003()[pri:3, instance:automationCases.DataSource@2145b572]" name="FWA_DataSource_003" class="automationCases.DataSource"/>
        <method signature="DataSource.FWA_DataSource_004()[pri:3, instance:automationCases.DataSource@2145b572]" name="FWA_DataSource_004" class="automationCases.DataSource"/>
      </group> <!-- regression1 -->
    </groups>
    <test started-at="2022-07-15T19:19:34 PKT" name="First Test" finished-at="2022-07-15T19:21:16 PKT" duration-ms="102321">
      <class name="automationCases.DataSource">
        <test-method is-config="true" signature="startTest()[pri:0, instance:automationCases.DataSource@2145b572]" started-at="2022-07-15T19:19:34 PKT" name="startTest" finished-at="2022-07-15T19:19:34 PKT" duration-ms="140" status="PASS">
          <reporter-output>
          </reporter-output>
        </test-method> <!-- startTest -->
        <test-method signature="FWA_DataSource_003()[pri:3, instance:automationCases.DataSource@2145b572]" started-at="2022-07-15T19:19:34 PKT" name="FWA_DataSource_003" finished-at="2022-07-15T19:20:31 PKT" duration-ms="57049" status="PASS">
          <reporter-output>
          </reporter-output>
        </test-method> <!-- FWA_DataSource_003 -->
        <test-method signature="FWA_DataSource_004()[pri:3, instance:automationCases.DataSource@2145b572]" started-at="2022-07-15T19:20:31 PKT" name="FWA_DataSource_004" finished-at="2022-07-15T19:21:16 PKT" duration-ms="45242" status="PASS">
          <reporter-output>
          </reporter-output>
        </test-method> <!-- FWA_DataSource_004 -->
        <test-method is-config="true" signature="endTest()[pri:0, instance:automationCases.DataSource@2145b572]" started-at="2022-07-15T19:21:16 PKT" name="endTest" finished-at="2022-07-15T19:21:17 PKT" duration-ms="501" status="PASS">
          <reporter-output>
          </reporter-output>
        </test-method> <!-- endTest -->
      </class> <!-- automationCases.DataSource -->
    </test> <!-- First Test -->
  </suite> <!--  FWA Test Collection Suite -->
</testng-results>
