<?xml version="1.0" encoding="UTF-8"?>
<testng-results skipped="0" failed="0" ignored="0" total="1" passed="1">
  <reporter-output>
  </reporter-output>
  <suite name="Default suite" duration-ms="28381" started-at="2022-04-04T15:21:02 PKT" finished-at="2022-04-04T15:21:31 PKT">
    <groups>
      <group name="RegressionTest">
        <method signature="Ranking.FWA_Ranking_001()[pri:1, instance:automationCases.Ranking@34cd072c]" name="FWA_Ranking_001" class="automationCases.Ranking"/>
      </group> <!-- RegressionTest -->
    </groups>
    <test name="Default test" duration-ms="28381" started-at="2022-04-04T15:21:02 PKT" finished-at="2022-04-04T15:21:31 PKT">
      <class name="automationCases.Ranking">
        <test-method status="PASS" signature="FWA_Ranking_001()[pri:1, instance:automationCases.Ranking@34cd072c]" name="FWA_Ranking_001" duration-ms="28326" started-at="2022-04-04T15:21:02 PKT" finished-at="2022-04-04T15:21:31 PKT">
          <reporter-output>
          </reporter-output>
        </test-method> <!-- FWA_Ranking_001 -->
      </class> <!-- automationCases.Ranking -->
    </test> <!-- Default test -->
  </suite> <!-- Default suite -->
</testng-results>
