<?xml version="1.0" encoding="UTF-8"?>
<testng-results retried="3" ignored="49" total="67" passed="14" failed="1" skipped="0">
  <reporter-output>
  </reporter-output>
  <suite started-at="2022-07-06T19:40:47 PKT" name=" FWA Test Collection Suite" finished-at="2022-07-06T19:56:35 PKT" duration-ms="948585">
    <groups>
      <group name="regression">
        <method signature="Charting.FWA_Charting_001()[pri:1, instance:automationCases.Charting@44ebcd03]" name="FWA_Charting_001" class="automationCases.Charting"/>
        <method signature="Dashboard.FWA_Dashboard_001()[pri:1, instance:automationCases.Dashboard@5ffead27]" name="FWA_Dashboard_001" class="automationCases.Dashboard"/>
        <method signature="DataCleansing.FWA_DataCleansing_001()[pri:1, instance:automationCases.DataCleansing@323b36e0]" name="FWA_DataCleansing_001" class="automationCases.DataCleansing"/>
        <method signature="DataSource.FWA_DataSource_001()[pri:1, instance:automationCases.DataSource@74e52303]" name="FWA_DataSource_001" class="automationCases.DataSource"/>
        <method signature="Models.FWA_Model_002()[pri:2, instance:automationCases.Models@3bb9a3ff]" name="FWA_Model_002" class="automationCases.Models"/>
        <method signature="Models.FWA_Model_003()[pri:3, instance:automationCases.Models@3bb9a3ff]" name="FWA_Model_003" class="automationCases.Models"/>
        <method signature="Models.FWA_Model_004()[pri:4, instance:automationCases.Models@3bb9a3ff]" name="FWA_Model_004" class="automationCases.Models"/>
        <method signature="Models.FWA_Model_005()[pri:4, instance:automationCases.Models@3bb9a3ff]" name="FWA_Model_005" class="automationCases.Models"/>
        <method signature="Projects.FWA_Project_001()[pri:1, instance:automationCases.Projects@5e0826e7]" name="FWA_Project_001" class="automationCases.Projects"/>
        <method signature="Projects.FWA_Project_003()[pri:3, instance:automationCases.Projects@5e0826e7]" name="FWA_Project_003" class="automationCases.Projects"/>
        <method signature="QueryBuilder.FWA_QueryBuilder_001()[pri:1, instance:automationCases.QueryBuilder@5af3afd9]" name="FWA_QueryBuilder_001" class="automationCases.QueryBuilder"/>
        <method signature="Ranking.FWA_Ranking_001()[pri:1, instance:automationCases.Ranking@661972b0]" name="FWA_Ranking_001" class="automationCases.Ranking"/>
        <method signature="RuleLibrary.FWA_RuleLibrary_001()[pri:1, instance:automationCases.RuleLibrary@4567f35d]" name="FWA_RuleLibrary_001" class="automationCases.RuleLibrary"/>
        <method signature="Scheduler.FWA_Scheduler_001()[pri:1, instance:automationCases.Scheduler@2e005c4b]" name="FWA_Scheduler_001" class="automationCases.Scheduler"/>
        <method signature="Security.FWA_Security_001()[pri:1, instance:automationCases.Security@694abbdc]" name="FWA_Security_001" class="automationCases.Security"/>
      </group> <!-- regression -->
      <group name="smoke">
        <method signature="Charting.FWA_Charting_001()[pri:1, instance:automationCases.Charting@44ebcd03]" name="FWA_Charting_001" class="automationCases.Charting"/>
        <method signature="Dashboard.FWA_Dashboard_001()[pri:1, instance:automationCases.Dashboard@5ffead27]" name="FWA_Dashboard_001" class="automationCases.Dashboard"/>
        <method signature="DataCleansing.FWA_DataCleansing_001()[pri:1, instance:automationCases.DataCleansing@323b36e0]" name="FWA_DataCleansing_001" class="automationCases.DataCleansing"/>
        <method signature="DataSource.FWA_DataSource_001()[pri:1, instance:automationCases.DataSource@74e52303]" name="FWA_DataSource_001" class="automationCases.DataSource"/>
        <method signature="Models.FWA_Model_002()[pri:2, instance:automationCases.Models@3bb9a3ff]" name="FWA_Model_002" class="automationCases.Models"/>
        <method signature="Models.FWA_Model_003()[pri:3, instance:automationCases.Models@3bb9a3ff]" name="FWA_Model_003" class="automationCases.Models"/>
        <method signature="Models.FWA_Model_004()[pri:4, instance:automationCases.Models@3bb9a3ff]" name="FWA_Model_004" class="automationCases.Models"/>
        <method signature="Models.FWA_Model_005()[pri:4, instance:automationCases.Models@3bb9a3ff]" name="FWA_Model_005" class="automationCases.Models"/>
        <method signature="Projects.FWA_Project_001()[pri:1, instance:automationCases.Projects@5e0826e7]" name="FWA_Project_001" class="automationCases.Projects"/>
        <method signature="Projects.FWA_Project_003()[pri:3, instance:automationCases.Projects@5e0826e7]" name="FWA_Project_003" class="automationCases.Projects"/>
        <method signature="QueryBuilder.FWA_QueryBuilder_001()[pri:1, instance:automationCases.QueryBuilder@5af3afd9]" name="FWA_QueryBuilder_001" class="automationCases.QueryBuilder"/>
        <method signature="Ranking.FWA_Ranking_001()[pri:1, instance:automationCases.Ranking@661972b0]" name="FWA_Ranking_001" class="automationCases.Ranking"/>
        <method signature="RuleLibrary.FWA_RuleLibrary_001()[pri:1, instance:automationCases.RuleLibrary@4567f35d]" name="FWA_RuleLibrary_001" class="automationCases.RuleLibrary"/>
        <method signature="Scheduler.FWA_Scheduler_001()[pri:1, instance:automationCases.Scheduler@2e005c4b]" name="FWA_Scheduler_001" class="automationCases.Scheduler"/>
        <method signature="Security.FWA_Security_001()[pri:1, instance:automationCases.Security@694abbdc]" name="FWA_Security_001" class="automationCases.Security"/>
      </group> <!-- smoke -->
    </groups>
    <test started-at="2022-07-06T19:40:47 PKT" name="First Test" finished-at="2022-07-06T19:56:35 PKT" duration-ms="948585">
      <class name="automationCases.RuleLibrary">
        <test-method signature="FWA_RuleLibrary_001()[pri:1, instance:automationCases.RuleLibrary@4567f35d]" started-at="2022-07-06T19:53:10 PKT" name="FWA_RuleLibrary_001" finished-at="2022-07-06T19:54:22 PKT" duration-ms="72241" status="PASS">
          <reporter-output>
          </reporter-output>
        </test-method> <!-- FWA_RuleLibrary_001 -->
      </class> <!-- automationCases.RuleLibrary -->
      <class name="automationCases.Security">
        <test-method signature="FWA_Security_001()[pri:1, instance:automationCases.Security@694abbdc]" started-at="2022-07-06T19:49:17 PKT" name="FWA_Security_001" finished-at="2022-07-06T19:49:57 PKT" duration-ms="39970" status="PASS">
          <reporter-output>
          </reporter-output>
        </test-method> <!-- FWA_Security_001 -->
      </class> <!-- automationCases.Security -->
      <class name="automationCases.Projects">
        <test-method is-config="true" signature="startTest()[pri:0, instance:automationCases.Projects@5e0826e7]" started-at="2022-07-06T19:37:27 PKT" name="startTest" finished-at="2022-07-06T19:37:27 PKT" duration-ms="219" status="PASS">
          <reporter-output>
          </reporter-output>
        </test-method> <!-- startTest -->
        <test-method signature="FWA_Project_001()[pri:1, instance:automationCases.Projects@5e0826e7]" started-at="2022-07-06T19:40:47 PKT" name="FWA_Project_001" finished-at="2022-07-06T19:41:45 PKT" duration-ms="58404" status="PASS">
          <reporter-output>
          </reporter-output>
        </test-method> <!-- FWA_Project_001 -->
        <test-method signature="FWA_Project_003()[pri:3, instance:automationCases.Projects@5e0826e7]" started-at="2022-07-06T19:41:45 PKT" name="FWA_Project_003" finished-at="2022-07-06T19:42:09 PKT" duration-ms="24051" status="PASS">
          <reporter-output>
          </reporter-output>
        </test-method> <!-- FWA_Project_003 -->
        <test-method is-config="true" signature="FWA_Project_013()[pri:0, instance:automationCases.Projects@5e0826e7]" started-at="2022-07-06T19:56:36 PKT" name="FWA_Project_013" finished-at="2022-07-06T19:57:19 PKT" duration-ms="43707" status="PASS">
          <reporter-output>
          </reporter-output>
        </test-method> <!-- FWA_Project_013 -->
        <test-method is-config="true" signature="endTest()[pri:0, instance:automationCases.Projects@5e0826e7]" started-at="2022-07-06T19:57:19 PKT" name="endTest" finished-at="2022-07-06T19:57:20 PKT" depends-on-methods="automationCases.Projects.FWA_Project_013" duration-ms="562" status="PASS">
          <reporter-output>
          </reporter-output>
        </test-method> <!-- endTest -->
      </class> <!-- automationCases.Projects -->
      <class name="automationCases.QueryBuilder">
        <test-method signature="FWA_QueryBuilder_001()[pri:1, instance:automationCases.QueryBuilder@5af3afd9]" started-at="2022-07-06T19:46:19 PKT" name="FWA_QueryBuilder_001" finished-at="2022-07-06T19:47:08 PKT" duration-ms="48616" status="PASS">
          <reporter-output>
          </reporter-output>
        </test-method> <!-- FWA_QueryBuilder_001 -->
      </class> <!-- automationCases.QueryBuilder -->
      <class name="automationCases.DataCleansing">
        <test-method signature="FWA_DataCleansing_001()[pri:1, instance:automationCases.DataCleansing@323b36e0]" started-at="2022-07-06T19:47:08 PKT" name="FWA_DataCleansing_001" finished-at="2022-07-06T19:47:44 PKT" duration-ms="36116" status="PASS">
          <reporter-output>
          </reporter-output>
        </test-method> <!-- FWA_DataCleansing_001 -->
      </class> <!-- automationCases.DataCleansing -->
      <class name="automationCases.Scheduler">
        <test-method retried="true" signature="FWA_Scheduler_001()[pri:1, instance:automationCases.Scheduler@2e005c4b]" started-at="2022-07-06T19:49:57 PKT" name="FWA_Scheduler_001" finished-at="2022-07-06T19:50:44 PKT" duration-ms="47421" status="SKIP">
          <exception class="org.openqa.selenium.ElementClickInterceptedException">
            <message>
              <![CDATA[element click intercepted: Element <div id="gridcolumn-1537-textEl" data-ref="textEl" role="presentation" class="x-column-header-text">...</div> is not clickable at point (394, 175). Other element would receive the click: <div role="presentation" class="x-mask x-border-box" style="height: 978px; width: 1360px; z-index: 19006; left: 0px; top: 0px;" id="ext-element-321"></div>
  (Session info: headless chrome=103.0.5060.66)
Build info: version: '3.141.59', revision: 'e82be7d358', time: '2018-11-14T08:17:03'
System info: host: 'AA-CLM-22', ip: '192.168.1.2', os.name: 'Windows 10', os.arch: 'amd64', os.version: '10.0', java.version: '14.0.2'
Driver info: org.openqa.selenium.chrome.ChromeDriver
Capabilities {acceptInsecureCerts: true, browserName: chrome, browserVersion: 103.0.5060.66, chrome: {chromedriverVersion: 103.0.5060.53 (a1711811edd7..., userDataDir: C:\Users\FAISAL~1\AppData\L...}, goog:chromeOptions: {debuggerAddress: localhost:64743}, javascriptEnabled: true, networkConnectionEnabled: false, pageLoadStrategy: normal, platform: WINDOWS, platformName: WINDOWS, proxy: Proxy(), setWindowRect: true, strictFileInteractability: false, timeouts: {implicit: 0, pageLoad: 300000, script: 30000}, unhandledPromptBehavior: dismiss and notify, webauthn:extension:credBlob: true, webauthn:extension:largeBlob: true, webauthn:virtualAuthenticators: true}
Session ID: 77db347bb6c5f5e513458fae020c2ffc]]>
            </message>
            <full-stacktrace>
              <![CDATA[org.openqa.selenium.ElementClickInterceptedException: element click intercepted: Element <div id="gridcolumn-1537-textEl" data-ref="textEl" role="presentation" class="x-column-header-text">...</div> is not clickable at point (394, 175). Other element would receive the click: <div role="presentation" class="x-mask x-border-box" style="height: 978px; width: 1360px; z-index: 19006; left: 0px; top: 0px;" id="ext-element-321"></div>
  (Session info: headless chrome=103.0.5060.66)
Build info: version: '3.141.59', revision: 'e82be7d358', time: '2018-11-14T08:17:03'
System info: host: 'AA-CLM-22', ip: '192.168.1.2', os.name: 'Windows 10', os.arch: 'amd64', os.version: '10.0', java.version: '14.0.2'
Driver info: org.openqa.selenium.chrome.ChromeDriver
Capabilities {acceptInsecureCerts: true, browserName: chrome, browserVersion: 103.0.5060.66, chrome: {chromedriverVersion: 103.0.5060.53 (a1711811edd7..., userDataDir: C:\Users\FAISAL~1\AppData\L...}, goog:chromeOptions: {debuggerAddress: localhost:64743}, javascriptEnabled: true, networkConnectionEnabled: false, pageLoadStrategy: normal, platform: WINDOWS, platformName: WINDOWS, proxy: Proxy(), setWindowRect: true, strictFileInteractability: false, timeouts: {implicit: 0, pageLoad: 300000, script: 30000}, unhandledPromptBehavior: dismiss and notify, webauthn:extension:credBlob: true, webauthn:extension:largeBlob: true, webauthn:virtualAuthenticators: true}
Session ID: 77db347bb6c5f5e513458fae020c2ffc
at java.base/jdk.internal.reflect.NativeConstructorAccessorImpl.newInstance0(Native Method)
at java.base/jdk.internal.reflect.NativeConstructorAccessorImpl.newInstance(NativeConstructorAccessorImpl.java:62)
at java.base/jdk.internal.reflect.DelegatingConstructorAccessorImpl.newInstance(DelegatingConstructorAccessorImpl.java:45)
at java.base/java.lang.reflect.Constructor.newInstanceWithCaller(Constructor.java:500)
at java.base/java.lang.reflect.Constructor.newInstance(Constructor.java:481)
at org.openqa.selenium.remote.http.W3CHttpResponseCodec.createException(W3CHttpResponseCodec.java:187)
at org.openqa.selenium.remote.http.W3CHttpResponseCodec.decode(W3CHttpResponseCodec.java:122)
at org.openqa.selenium.remote.http.W3CHttpResponseCodec.decode(W3CHttpResponseCodec.java:49)
at org.openqa.selenium.remote.HttpCommandExecutor.execute(HttpCommandExecutor.java:158)
at org.openqa.selenium.remote.service.DriverCommandExecutor.execute(DriverCommandExecutor.java:83)
at org.openqa.selenium.remote.RemoteWebDriver.execute(RemoteWebDriver.java:552)
at org.openqa.selenium.remote.RemoteWebElement.execute(RemoteWebElement.java:285)
at org.openqa.selenium.remote.RemoteWebElement.click(RemoteWebElement.java:84)
at jdk.internal.reflect.GeneratedMethodAccessor2.invoke(Unknown Source)
at java.base/jdk.internal.reflect.DelegatingMethodAccessorImpl.invoke(DelegatingMethodAccessorImpl.java:43)
at java.base/java.lang.reflect.Method.invoke(Method.java:564)
at org.openqa.selenium.support.pagefactory.internal.LocatingElementHandler.invoke(LocatingElementHandler.java:51)
at com.sun.proxy.$Proxy12.click(Unknown Source)
at automationModels.SchedulerModel.CreateProcess(SchedulerModel.java:142)
at automationCases.Scheduler.FWA_Scheduler_001(Scheduler.java:22)
at java.base/jdk.internal.reflect.NativeMethodAccessorImpl.invoke0(Native Method)
at java.base/jdk.internal.reflect.NativeMethodAccessorImpl.invoke(NativeMethodAccessorImpl.java:62)
at java.base/jdk.internal.reflect.DelegatingMethodAccessorImpl.invoke(DelegatingMethodAccessorImpl.java:43)
at java.base/java.lang.reflect.Method.invoke(Method.java:564)
at org.testng.internal.MethodInvocationHelper.invokeMethod(MethodInvocationHelper.java:133)
at org.testng.internal.TestInvoker.invokeMethod(TestInvoker.java:598)
at org.testng.internal.TestInvoker.invokeTestMethod(TestInvoker.java:173)
at org.testng.internal.MethodRunner.runInSequence(MethodRunner.java:46)
at org.testng.internal.TestInvoker$MethodInvocationAgent.invoke(TestInvoker.java:824)
at org.testng.internal.TestInvoker.invokeTestMethods(TestInvoker.java:146)
at org.testng.internal.TestMethodWorker.invokeTestMethods(TestMethodWorker.java:146)
at org.testng.internal.TestMethodWorker.run(TestMethodWorker.java:128)
at java.base/java.util.ArrayList.forEach(ArrayList.java:1511)
at org.testng.TestRunner.privateRun(TestRunner.java:794)
at org.testng.TestRunner.run(TestRunner.java:596)
at org.testng.SuiteRunner.runTest(SuiteRunner.java:377)
at org.testng.SuiteRunner.runSequentially(SuiteRunner.java:371)
at org.testng.SuiteRunner.privateRun(SuiteRunner.java:332)
at org.testng.SuiteRunner.run(SuiteRunner.java:276)
at org.testng.SuiteRunnerWorker.runSuite(SuiteRunnerWorker.java:53)
at org.testng.SuiteRunnerWorker.run(SuiteRunnerWorker.java:96)
at org.testng.TestNG.runSuitesSequentially(TestNG.java:1212)
at org.testng.TestNG.runSuitesLocally(TestNG.java:1134)
at org.testng.TestNG.runSuites(TestNG.java:1063)
at org.testng.TestNG.run(TestNG.java:1031)
at org.testng.remote.AbstractRemoteTestNG.run(AbstractRemoteTestNG.java:115)
at org.testng.remote.RemoteTestNG.initAndRun(RemoteTestNG.java:251)
at org.testng.remote.RemoteTestNG.main(RemoteTestNG.java:77)
]]>
            </full-stacktrace>
          </exception> <!-- org.openqa.selenium.ElementClickInterceptedException -->
          <reporter-output>
          </reporter-output>
        </test-method> <!-- FWA_Scheduler_001 -->
        <test-method retried="true" signature="FWA_Scheduler_001()[pri:1, instance:automationCases.Scheduler@2e005c4b]" started-at="2022-07-06T19:50:44 PKT" name="FWA_Scheduler_001" finished-at="2022-07-06T19:51:32 PKT" duration-ms="47909" status="SKIP">
          <exception class="org.openqa.selenium.ElementClickInterceptedException">
            <message>
              <![CDATA[element click intercepted: Element <div id="gridcolumn-1537-textEl" data-ref="textEl" role="presentation" class="x-column-header-text">...</div> is not clickable at point (394, 172). Other element would receive the click: <div role="presentation" class="x-mask x-border-box" style="height: 978px; width: 1360px; z-index: 19006; left: 0px; top: 0px;" id="ext-element-321"></div>
  (Session info: headless chrome=103.0.5060.66)
Build info: version: '3.141.59', revision: 'e82be7d358', time: '2018-11-14T08:17:03'
System info: host: 'AA-CLM-22', ip: '192.168.1.2', os.name: 'Windows 10', os.arch: 'amd64', os.version: '10.0', java.version: '14.0.2'
Driver info: org.openqa.selenium.chrome.ChromeDriver
Capabilities {acceptInsecureCerts: true, browserName: chrome, browserVersion: 103.0.5060.66, chrome: {chromedriverVersion: 103.0.5060.53 (a1711811edd7..., userDataDir: C:\Users\FAISAL~1\AppData\L...}, goog:chromeOptions: {debuggerAddress: localhost:64800}, javascriptEnabled: true, networkConnectionEnabled: false, pageLoadStrategy: normal, platform: WINDOWS, platformName: WINDOWS, proxy: Proxy(), setWindowRect: true, strictFileInteractability: false, timeouts: {implicit: 0, pageLoad: 300000, script: 30000}, unhandledPromptBehavior: dismiss and notify, webauthn:extension:credBlob: true, webauthn:extension:largeBlob: true, webauthn:virtualAuthenticators: true}
Session ID: 5059c322eac79829fd490b78b9f9fb3c]]>
            </message>
            <full-stacktrace>
              <![CDATA[org.openqa.selenium.ElementClickInterceptedException: element click intercepted: Element <div id="gridcolumn-1537-textEl" data-ref="textEl" role="presentation" class="x-column-header-text">...</div> is not clickable at point (394, 172). Other element would receive the click: <div role="presentation" class="x-mask x-border-box" style="height: 978px; width: 1360px; z-index: 19006; left: 0px; top: 0px;" id="ext-element-321"></div>
  (Session info: headless chrome=103.0.5060.66)
Build info: version: '3.141.59', revision: 'e82be7d358', time: '2018-11-14T08:17:03'
System info: host: 'AA-CLM-22', ip: '192.168.1.2', os.name: 'Windows 10', os.arch: 'amd64', os.version: '10.0', java.version: '14.0.2'
Driver info: org.openqa.selenium.chrome.ChromeDriver
Capabilities {acceptInsecureCerts: true, browserName: chrome, browserVersion: 103.0.5060.66, chrome: {chromedriverVersion: 103.0.5060.53 (a1711811edd7..., userDataDir: C:\Users\FAISAL~1\AppData\L...}, goog:chromeOptions: {debuggerAddress: localhost:64800}, javascriptEnabled: true, networkConnectionEnabled: false, pageLoadStrategy: normal, platform: WINDOWS, platformName: WINDOWS, proxy: Proxy(), setWindowRect: true, strictFileInteractability: false, timeouts: {implicit: 0, pageLoad: 300000, script: 30000}, unhandledPromptBehavior: dismiss and notify, webauthn:extension:credBlob: true, webauthn:extension:largeBlob: true, webauthn:virtualAuthenticators: true}
Session ID: 5059c322eac79829fd490b78b9f9fb3c
at java.base/jdk.internal.reflect.NativeConstructorAccessorImpl.newInstance0(Native Method)
at java.base/jdk.internal.reflect.NativeConstructorAccessorImpl.newInstance(NativeConstructorAccessorImpl.java:62)
at java.base/jdk.internal.reflect.DelegatingConstructorAccessorImpl.newInstance(DelegatingConstructorAccessorImpl.java:45)
at java.base/java.lang.reflect.Constructor.newInstanceWithCaller(Constructor.java:500)
at java.base/java.lang.reflect.Constructor.newInstance(Constructor.java:481)
at org.openqa.selenium.remote.http.W3CHttpResponseCodec.createException(W3CHttpResponseCodec.java:187)
at org.openqa.selenium.remote.http.W3CHttpResponseCodec.decode(W3CHttpResponseCodec.java:122)
at org.openqa.selenium.remote.http.W3CHttpResponseCodec.decode(W3CHttpResponseCodec.java:49)
at org.openqa.selenium.remote.HttpCommandExecutor.execute(HttpCommandExecutor.java:158)
at org.openqa.selenium.remote.service.DriverCommandExecutor.execute(DriverCommandExecutor.java:83)
at org.openqa.selenium.remote.RemoteWebDriver.execute(RemoteWebDriver.java:552)
at org.openqa.selenium.remote.RemoteWebElement.execute(RemoteWebElement.java:285)
at org.openqa.selenium.remote.RemoteWebElement.click(RemoteWebElement.java:84)
at jdk.internal.reflect.GeneratedMethodAccessor2.invoke(Unknown Source)
at java.base/jdk.internal.reflect.DelegatingMethodAccessorImpl.invoke(DelegatingMethodAccessorImpl.java:43)
at java.base/java.lang.reflect.Method.invoke(Method.java:564)
at org.openqa.selenium.support.pagefactory.internal.LocatingElementHandler.invoke(LocatingElementHandler.java:51)
at com.sun.proxy.$Proxy12.click(Unknown Source)
at automationModels.SchedulerModel.CreateProcess(SchedulerModel.java:142)
at automationCases.Scheduler.FWA_Scheduler_001(Scheduler.java:22)
at java.base/jdk.internal.reflect.NativeMethodAccessorImpl.invoke0(Native Method)
at java.base/jdk.internal.reflect.NativeMethodAccessorImpl.invoke(NativeMethodAccessorImpl.java:62)
at java.base/jdk.internal.reflect.DelegatingMethodAccessorImpl.invoke(DelegatingMethodAccessorImpl.java:43)
at java.base/java.lang.reflect.Method.invoke(Method.java:564)
at org.testng.internal.MethodInvocationHelper.invokeMethod(MethodInvocationHelper.java:133)
at org.testng.internal.TestInvoker.invokeMethod(TestInvoker.java:598)
at org.testng.internal.TestInvoker.retryFailed(TestInvoker.java:213)
at org.testng.internal.MethodRunner.runInSequence(MethodRunner.java:58)
at org.testng.internal.TestInvoker$MethodInvocationAgent.invoke(TestInvoker.java:824)
at org.testng.internal.TestInvoker.invokeTestMethods(TestInvoker.java:146)
at org.testng.internal.TestMethodWorker.invokeTestMethods(TestMethodWorker.java:146)
at org.testng.internal.TestMethodWorker.run(TestMethodWorker.java:128)
at java.base/java.util.ArrayList.forEach(ArrayList.java:1511)
at org.testng.TestRunner.privateRun(TestRunner.java:794)
at org.testng.TestRunner.run(TestRunner.java:596)
at org.testng.SuiteRunner.runTest(SuiteRunner.java:377)
at org.testng.SuiteRunner.runSequentially(SuiteRunner.java:371)
at org.testng.SuiteRunner.privateRun(SuiteRunner.java:332)
at org.testng.SuiteRunner.run(SuiteRunner.java:276)
at org.testng.SuiteRunnerWorker.runSuite(SuiteRunnerWorker.java:53)
at org.testng.SuiteRunnerWorker.run(SuiteRunnerWorker.java:96)
at org.testng.TestNG.runSuitesSequentially(TestNG.java:1212)
at org.testng.TestNG.runSuitesLocally(TestNG.java:1134)
at org.testng.TestNG.runSuites(TestNG.java:1063)
at org.testng.TestNG.run(TestNG.java:1031)
at org.testng.remote.AbstractRemoteTestNG.run(AbstractRemoteTestNG.java:115)
at org.testng.remote.RemoteTestNG.initAndRun(RemoteTestNG.java:251)
at org.testng.remote.RemoteTestNG.main(RemoteTestNG.java:77)
]]>
            </full-stacktrace>
          </exception> <!-- org.openqa.selenium.ElementClickInterceptedException -->
          <reporter-output>
          </reporter-output>
        </test-method> <!-- FWA_Scheduler_001 -->
        <test-method retried="true" signature="FWA_Scheduler_001()[pri:1, instance:automationCases.Scheduler@2e005c4b]" started-at="2022-07-06T19:51:32 PKT" name="FWA_Scheduler_001" finished-at="2022-07-06T19:52:22 PKT" duration-ms="50199" status="SKIP">
          <exception class="org.openqa.selenium.ElementClickInterceptedException">
            <message>
              <![CDATA[element click intercepted: Element <div id="gridcolumn-1537-textEl" data-ref="textEl" role="presentation" class="x-column-header-text">...</div> is not clickable at point (394, 172). Other element would receive the click: <div role="presentation" class="x-mask x-border-box" style="height: 978px; width: 1360px; z-index: 19006; left: 0px; top: 0px;" id="ext-element-321"></div>
  (Session info: headless chrome=103.0.5060.66)
Build info: version: '3.141.59', revision: 'e82be7d358', time: '2018-11-14T08:17:03'
System info: host: 'AA-CLM-22', ip: '192.168.1.2', os.name: 'Windows 10', os.arch: 'amd64', os.version: '10.0', java.version: '14.0.2'
Driver info: org.openqa.selenium.chrome.ChromeDriver
Capabilities {acceptInsecureCerts: true, browserName: chrome, browserVersion: 103.0.5060.66, chrome: {chromedriverVersion: 103.0.5060.53 (a1711811edd7..., userDataDir: C:\Users\FAISAL~1\AppData\L...}, goog:chromeOptions: {debuggerAddress: localhost:64857}, javascriptEnabled: true, networkConnectionEnabled: false, pageLoadStrategy: normal, platform: WINDOWS, platformName: WINDOWS, proxy: Proxy(), setWindowRect: true, strictFileInteractability: false, timeouts: {implicit: 0, pageLoad: 300000, script: 30000}, unhandledPromptBehavior: dismiss and notify, webauthn:extension:credBlob: true, webauthn:extension:largeBlob: true, webauthn:virtualAuthenticators: true}
Session ID: 1df030dc29025a820a96707c9eb73127]]>
            </message>
            <full-stacktrace>
              <![CDATA[org.openqa.selenium.ElementClickInterceptedException: element click intercepted: Element <div id="gridcolumn-1537-textEl" data-ref="textEl" role="presentation" class="x-column-header-text">...</div> is not clickable at point (394, 172). Other element would receive the click: <div role="presentation" class="x-mask x-border-box" style="height: 978px; width: 1360px; z-index: 19006; left: 0px; top: 0px;" id="ext-element-321"></div>
  (Session info: headless chrome=103.0.5060.66)
Build info: version: '3.141.59', revision: 'e82be7d358', time: '2018-11-14T08:17:03'
System info: host: 'AA-CLM-22', ip: '192.168.1.2', os.name: 'Windows 10', os.arch: 'amd64', os.version: '10.0', java.version: '14.0.2'
Driver info: org.openqa.selenium.chrome.ChromeDriver
Capabilities {acceptInsecureCerts: true, browserName: chrome, browserVersion: 103.0.5060.66, chrome: {chromedriverVersion: 103.0.5060.53 (a1711811edd7..., userDataDir: C:\Users\FAISAL~1\AppData\L...}, goog:chromeOptions: {debuggerAddress: localhost:64857}, javascriptEnabled: true, networkConnectionEnabled: false, pageLoadStrategy: normal, platform: WINDOWS, platformName: WINDOWS, proxy: Proxy(), setWindowRect: true, strictFileInteractability: false, timeouts: {implicit: 0, pageLoad: 300000, script: 30000}, unhandledPromptBehavior: dismiss and notify, webauthn:extension:credBlob: true, webauthn:extension:largeBlob: true, webauthn:virtualAuthenticators: true}
Session ID: 1df030dc29025a820a96707c9eb73127
at java.base/jdk.internal.reflect.NativeConstructorAccessorImpl.newInstance0(Native Method)
at java.base/jdk.internal.reflect.NativeConstructorAccessorImpl.newInstance(NativeConstructorAccessorImpl.java:62)
at java.base/jdk.internal.reflect.DelegatingConstructorAccessorImpl.newInstance(DelegatingConstructorAccessorImpl.java:45)
at java.base/java.lang.reflect.Constructor.newInstanceWithCaller(Constructor.java:500)
at java.base/java.lang.reflect.Constructor.newInstance(Constructor.java:481)
at org.openqa.selenium.remote.http.W3CHttpResponseCodec.createException(W3CHttpResponseCodec.java:187)
at org.openqa.selenium.remote.http.W3CHttpResponseCodec.decode(W3CHttpResponseCodec.java:122)
at org.openqa.selenium.remote.http.W3CHttpResponseCodec.decode(W3CHttpResponseCodec.java:49)
at org.openqa.selenium.remote.HttpCommandExecutor.execute(HttpCommandExecutor.java:158)
at org.openqa.selenium.remote.service.DriverCommandExecutor.execute(DriverCommandExecutor.java:83)
at org.openqa.selenium.remote.RemoteWebDriver.execute(RemoteWebDriver.java:552)
at org.openqa.selenium.remote.RemoteWebElement.execute(RemoteWebElement.java:285)
at org.openqa.selenium.remote.RemoteWebElement.click(RemoteWebElement.java:84)
at jdk.internal.reflect.GeneratedMethodAccessor2.invoke(Unknown Source)
at java.base/jdk.internal.reflect.DelegatingMethodAccessorImpl.invoke(DelegatingMethodAccessorImpl.java:43)
at java.base/java.lang.reflect.Method.invoke(Method.java:564)
at org.openqa.selenium.support.pagefactory.internal.LocatingElementHandler.invoke(LocatingElementHandler.java:51)
at com.sun.proxy.$Proxy12.click(Unknown Source)
at automationModels.SchedulerModel.CreateProcess(SchedulerModel.java:142)
at automationCases.Scheduler.FWA_Scheduler_001(Scheduler.java:22)
at java.base/jdk.internal.reflect.NativeMethodAccessorImpl.invoke0(Native Method)
at java.base/jdk.internal.reflect.NativeMethodAccessorImpl.invoke(NativeMethodAccessorImpl.java:62)
at java.base/jdk.internal.reflect.DelegatingMethodAccessorImpl.invoke(DelegatingMethodAccessorImpl.java:43)
at java.base/java.lang.reflect.Method.invoke(Method.java:564)
at org.testng.internal.MethodInvocationHelper.invokeMethod(MethodInvocationHelper.java:133)
at org.testng.internal.TestInvoker.invokeMethod(TestInvoker.java:598)
at org.testng.internal.TestInvoker.retryFailed(TestInvoker.java:213)
at org.testng.internal.MethodRunner.runInSequence(MethodRunner.java:58)
at org.testng.internal.TestInvoker$MethodInvocationAgent.invoke(TestInvoker.java:824)
at org.testng.internal.TestInvoker.invokeTestMethods(TestInvoker.java:146)
at org.testng.internal.TestMethodWorker.invokeTestMethods(TestMethodWorker.java:146)
at org.testng.internal.TestMethodWorker.run(TestMethodWorker.java:128)
at java.base/java.util.ArrayList.forEach(ArrayList.java:1511)
at org.testng.TestRunner.privateRun(TestRunner.java:794)
at org.testng.TestRunner.run(TestRunner.java:596)
at org.testng.SuiteRunner.runTest(SuiteRunner.java:377)
at org.testng.SuiteRunner.runSequentially(SuiteRunner.java:371)
at org.testng.SuiteRunner.privateRun(SuiteRunner.java:332)
at org.testng.SuiteRunner.run(SuiteRunner.java:276)
at org.testng.SuiteRunnerWorker.runSuite(SuiteRunnerWorker.java:53)
at org.testng.SuiteRunnerWorker.run(SuiteRunnerWorker.java:96)
at org.testng.TestNG.runSuitesSequentially(TestNG.java:1212)
at org.testng.TestNG.runSuitesLocally(TestNG.java:1134)
at org.testng.TestNG.runSuites(TestNG.java:1063)
at org.testng.TestNG.run(TestNG.java:1031)
at org.testng.remote.AbstractRemoteTestNG.run(AbstractRemoteTestNG.java:115)
at org.testng.remote.RemoteTestNG.initAndRun(RemoteTestNG.java:251)
at org.testng.remote.RemoteTestNG.main(RemoteTestNG.java:77)
]]>
            </full-stacktrace>
          </exception> <!-- org.openqa.selenium.ElementClickInterceptedException -->
          <reporter-output>
          </reporter-output>
        </test-method> <!-- FWA_Scheduler_001 -->
        <test-method signature="FWA_Scheduler_001()[pri:1, instance:automationCases.Scheduler@2e005c4b]" started-at="2022-07-06T19:52:22 PKT" name="FWA_Scheduler_001" finished-at="2022-07-06T19:53:10 PKT" duration-ms="47251" status="FAIL">
          <exception class="org.openqa.selenium.ElementClickInterceptedException">
            <message>
              <![CDATA[element click intercepted: Element <div id="gridcolumn-1537-textEl" data-ref="textEl" role="presentation" class="x-column-header-text">...</div> is not clickable at point (394, 172). Other element would receive the click: <div role="presentation" class="x-mask x-border-box" style="height: 978px; width: 1360px; z-index: 19006; left: 0px; top: 0px;" id="ext-element-321"></div>
  (Session info: headless chrome=103.0.5060.66)
Build info: version: '3.141.59', revision: 'e82be7d358', time: '2018-11-14T08:17:03'
System info: host: 'AA-CLM-22', ip: '192.168.1.2', os.name: 'Windows 10', os.arch: 'amd64', os.version: '10.0', java.version: '14.0.2'
Driver info: org.openqa.selenium.chrome.ChromeDriver
Capabilities {acceptInsecureCerts: true, browserName: chrome, browserVersion: 103.0.5060.66, chrome: {chromedriverVersion: 103.0.5060.53 (a1711811edd7..., userDataDir: C:\Users\FAISAL~1\AppData\L...}, goog:chromeOptions: {debuggerAddress: localhost:64919}, javascriptEnabled: true, networkConnectionEnabled: false, pageLoadStrategy: normal, platform: WINDOWS, platformName: WINDOWS, proxy: Proxy(), setWindowRect: true, strictFileInteractability: false, timeouts: {implicit: 0, pageLoad: 300000, script: 30000}, unhandledPromptBehavior: dismiss and notify, webauthn:extension:credBlob: true, webauthn:extension:largeBlob: true, webauthn:virtualAuthenticators: true}
Session ID: a4d935969750bb12ed810586fd3407c0]]>
            </message>
            <full-stacktrace>
              <![CDATA[org.openqa.selenium.ElementClickInterceptedException: element click intercepted: Element <div id="gridcolumn-1537-textEl" data-ref="textEl" role="presentation" class="x-column-header-text">...</div> is not clickable at point (394, 172). Other element would receive the click: <div role="presentation" class="x-mask x-border-box" style="height: 978px; width: 1360px; z-index: 19006; left: 0px; top: 0px;" id="ext-element-321"></div>
  (Session info: headless chrome=103.0.5060.66)
Build info: version: '3.141.59', revision: 'e82be7d358', time: '2018-11-14T08:17:03'
System info: host: 'AA-CLM-22', ip: '192.168.1.2', os.name: 'Windows 10', os.arch: 'amd64', os.version: '10.0', java.version: '14.0.2'
Driver info: org.openqa.selenium.chrome.ChromeDriver
Capabilities {acceptInsecureCerts: true, browserName: chrome, browserVersion: 103.0.5060.66, chrome: {chromedriverVersion: 103.0.5060.53 (a1711811edd7..., userDataDir: C:\Users\FAISAL~1\AppData\L...}, goog:chromeOptions: {debuggerAddress: localhost:64919}, javascriptEnabled: true, networkConnectionEnabled: false, pageLoadStrategy: normal, platform: WINDOWS, platformName: WINDOWS, proxy: Proxy(), setWindowRect: true, strictFileInteractability: false, timeouts: {implicit: 0, pageLoad: 300000, script: 30000}, unhandledPromptBehavior: dismiss and notify, webauthn:extension:credBlob: true, webauthn:extension:largeBlob: true, webauthn:virtualAuthenticators: true}
Session ID: a4d935969750bb12ed810586fd3407c0
at java.base/jdk.internal.reflect.NativeConstructorAccessorImpl.newInstance0(Native Method)
at java.base/jdk.internal.reflect.NativeConstructorAccessorImpl.newInstance(NativeConstructorAccessorImpl.java:62)
at java.base/jdk.internal.reflect.DelegatingConstructorAccessorImpl.newInstance(DelegatingConstructorAccessorImpl.java:45)
at java.base/java.lang.reflect.Constructor.newInstanceWithCaller(Constructor.java:500)
at java.base/java.lang.reflect.Constructor.newInstance(Constructor.java:481)
at org.openqa.selenium.remote.http.W3CHttpResponseCodec.createException(W3CHttpResponseCodec.java:187)
at org.openqa.selenium.remote.http.W3CHttpResponseCodec.decode(W3CHttpResponseCodec.java:122)
at org.openqa.selenium.remote.http.W3CHttpResponseCodec.decode(W3CHttpResponseCodec.java:49)
at org.openqa.selenium.remote.HttpCommandExecutor.execute(HttpCommandExecutor.java:158)
at org.openqa.selenium.remote.service.DriverCommandExecutor.execute(DriverCommandExecutor.java:83)
at org.openqa.selenium.remote.RemoteWebDriver.execute(RemoteWebDriver.java:552)
at org.openqa.selenium.remote.RemoteWebElement.execute(RemoteWebElement.java:285)
at org.openqa.selenium.remote.RemoteWebElement.click(RemoteWebElement.java:84)
at jdk.internal.reflect.GeneratedMethodAccessor2.invoke(Unknown Source)
at java.base/jdk.internal.reflect.DelegatingMethodAccessorImpl.invoke(DelegatingMethodAccessorImpl.java:43)
at java.base/java.lang.reflect.Method.invoke(Method.java:564)
at org.openqa.selenium.support.pagefactory.internal.LocatingElementHandler.invoke(LocatingElementHandler.java:51)
at com.sun.proxy.$Proxy12.click(Unknown Source)
at automationModels.SchedulerModel.CreateProcess(SchedulerModel.java:142)
at automationCases.Scheduler.FWA_Scheduler_001(Scheduler.java:22)
at java.base/jdk.internal.reflect.NativeMethodAccessorImpl.invoke0(Native Method)
at java.base/jdk.internal.reflect.NativeMethodAccessorImpl.invoke(NativeMethodAccessorImpl.java:62)
at java.base/jdk.internal.reflect.DelegatingMethodAccessorImpl.invoke(DelegatingMethodAccessorImpl.java:43)
at java.base/java.lang.reflect.Method.invoke(Method.java:564)
at org.testng.internal.MethodInvocationHelper.invokeMethod(MethodInvocationHelper.java:133)
at org.testng.internal.TestInvoker.invokeMethod(TestInvoker.java:598)
at org.testng.internal.TestInvoker.retryFailed(TestInvoker.java:213)
at org.testng.internal.MethodRunner.runInSequence(MethodRunner.java:58)
at org.testng.internal.TestInvoker$MethodInvocationAgent.invoke(TestInvoker.java:824)
at org.testng.internal.TestInvoker.invokeTestMethods(TestInvoker.java:146)
at org.testng.internal.TestMethodWorker.invokeTestMethods(TestMethodWorker.java:146)
at org.testng.internal.TestMethodWorker.run(TestMethodWorker.java:128)
at java.base/java.util.ArrayList.forEach(ArrayList.java:1511)
at org.testng.TestRunner.privateRun(TestRunner.java:794)
at org.testng.TestRunner.run(TestRunner.java:596)
at org.testng.SuiteRunner.runTest(SuiteRunner.java:377)
at org.testng.SuiteRunner.runSequentially(SuiteRunner.java:371)
at org.testng.SuiteRunner.privateRun(SuiteRunner.java:332)
at org.testng.SuiteRunner.run(SuiteRunner.java:276)
at org.testng.SuiteRunnerWorker.runSuite(SuiteRunnerWorker.java:53)
at org.testng.SuiteRunnerWorker.run(SuiteRunnerWorker.java:96)
at org.testng.TestNG.runSuitesSequentially(TestNG.java:1212)
at org.testng.TestNG.runSuitesLocally(TestNG.java:1134)
at org.testng.TestNG.runSuites(TestNG.java:1063)
at org.testng.TestNG.run(TestNG.java:1031)
at org.testng.remote.AbstractRemoteTestNG.run(AbstractRemoteTestNG.java:115)
at org.testng.remote.RemoteTestNG.initAndRun(RemoteTestNG.java:251)
at org.testng.remote.RemoteTestNG.main(RemoteTestNG.java:77)
]]>
            </full-stacktrace>
          </exception> <!-- org.openqa.selenium.ElementClickInterceptedException -->
          <reporter-output>
          </reporter-output>
        </test-method> <!-- FWA_Scheduler_001 -->
      </class> <!-- automationCases.Scheduler -->
      <class name="automationCases.DataSource">
        <test-method signature="FWA_DataSource_001()[pri:1, instance:automationCases.DataSource@74e52303]" started-at="2022-07-06T19:42:09 PKT" name="FWA_DataSource_001" finished-at="2022-07-06T19:43:08 PKT" duration-ms="59063" status="PASS">
          <reporter-output>
          </reporter-output>
        </test-method> <!-- FWA_DataSource_001 -->
      </class> <!-- automationCases.DataSource -->
      <class name="automationCases.Models">
        <test-method signature="FWA_Model_002()[pri:2, instance:automationCases.Models@3bb9a3ff]" started-at="2022-07-06T19:43:08 PKT" name="FWA_Model_002" finished-at="2022-07-06T19:43:41 PKT" duration-ms="32311" status="PASS">
          <reporter-output>
          </reporter-output>
        </test-method> <!-- FWA_Model_002 -->
        <test-method signature="FWA_Model_003()[pri:3, instance:automationCases.Models@3bb9a3ff]" started-at="2022-07-06T19:43:41 PKT" name="FWA_Model_003" finished-at="2022-07-06T19:44:20 PKT" duration-ms="38997" status="PASS">
          <reporter-output>
          </reporter-output>
        </test-method> <!-- FWA_Model_003 -->
        <test-method signature="FWA_Model_004()[pri:4, instance:automationCases.Models@3bb9a3ff]" started-at="2022-07-06T19:44:20 PKT" name="FWA_Model_004" finished-at="2022-07-06T19:45:00 PKT" duration-ms="40472" status="PASS">
          <reporter-output>
          </reporter-output>
        </test-method> <!-- FWA_Model_004 -->
        <test-method signature="FWA_Model_005()[pri:4, instance:automationCases.Models@3bb9a3ff]" started-at="2022-07-06T19:45:00 PKT" name="FWA_Model_005" finished-at="2022-07-06T19:45:40 PKT" duration-ms="40129" status="PASS">
          <reporter-output>
          </reporter-output>
        </test-method> <!-- FWA_Model_005 -->
      </class> <!-- automationCases.Models -->
      <class name="automationCases.Ranking">
        <test-method signature="FWA_Ranking_001()[pri:1, instance:automationCases.Ranking@661972b0]" started-at="2022-07-06T19:45:40 PKT" name="FWA_Ranking_001" finished-at="2022-07-06T19:46:19 PKT" duration-ms="38583" status="PASS">
          <reporter-output>
          </reporter-output>
        </test-method> <!-- FWA_Ranking_001 -->
      </class> <!-- automationCases.Ranking -->
      <class name="automationCases.Charting">
        <test-method signature="FWA_Charting_001()[pri:1, instance:automationCases.Charting@44ebcd03]" started-at="2022-07-06T19:47:44 PKT" name="FWA_Charting_001" finished-at="2022-07-06T19:49:17 PKT" duration-ms="93265" status="PASS">
          <reporter-output>
          </reporter-output>
        </test-method> <!-- FWA_Charting_001 -->
      </class> <!-- automationCases.Charting -->
      <class name="automationCases.CreateTestData">
        <test-method is-config="true" signature="FWA_CreateTestData_001()[pri:0, instance:automationCases.CreateTestData@359f7cdf]" started-at="2022-07-06T19:37:27 PKT" name="FWA_CreateTestData_001" finished-at="2022-07-06T19:39:02 PKT" depends-on-methods="configuration.Configuration.startTest" duration-ms="94662" status="PASS">
          <reporter-output>
          </reporter-output>
        </test-method> <!-- FWA_CreateTestData_001 -->
        <test-method is-config="true" signature="FWA_CreateTestData_002()[pri:0, instance:automationCases.CreateTestData@359f7cdf]" started-at="2022-07-06T19:39:02 PKT" name="FWA_CreateTestData_002" finished-at="2022-07-06T19:39:31 PKT" depends-on-methods="configuration.Configuration.startTest" duration-ms="29138" status="PASS">
          <reporter-output>
          </reporter-output>
        </test-method> <!-- FWA_CreateTestData_002 -->
        <test-method is-config="true" signature="FWA_CreateTestData_003()[pri:0, instance:automationCases.CreateTestData@359f7cdf]" started-at="2022-07-06T19:39:31 PKT" name="FWA_CreateTestData_003" finished-at="2022-07-06T19:39:59 PKT" depends-on-methods="configuration.Configuration.startTest" duration-ms="27941" status="PASS">
          <reporter-output>
          </reporter-output>
        </test-method> <!-- FWA_CreateTestData_003 -->
        <test-method is-config="true" signature="FWA_CreateTestData_004()[pri:0, instance:automationCases.CreateTestData@359f7cdf]" started-at="2022-07-06T19:39:59 PKT" name="FWA_CreateTestData_004" finished-at="2022-07-06T19:40:28 PKT" depends-on-methods="configuration.Configuration.startTest" duration-ms="28991" status="PASS">
          <reporter-output>
          </reporter-output>
        </test-method> <!-- FWA_CreateTestData_004 -->
        <test-method is-config="true" signature="FWA_CreateTestData_005()[pri:0, instance:automationCases.CreateTestData@359f7cdf]" started-at="2022-07-06T19:40:28 PKT" name="FWA_CreateTestData_005" finished-at="2022-07-06T19:40:47 PKT" depends-on-methods="configuration.Configuration.startTest" duration-ms="18809" status="PASS">
          <reporter-output>
          </reporter-output>
        </test-method> <!-- FWA_CreateTestData_005 -->
      </class> <!-- automationCases.CreateTestData -->
      <class name="automationCases.Dashboard">
        <test-method signature="FWA_Dashboard_001()[pri:1, instance:automationCases.Dashboard@5ffead27]" started-at="2022-07-06T19:54:22 PKT" name="FWA_Dashboard_001" finished-at="2022-07-06T19:56:35 PKT" duration-ms="133509" status="PASS">
          <reporter-output>
          </reporter-output>
        </test-method> <!-- FWA_Dashboard_001 -->
      </class> <!-- automationCases.Dashboard -->
    </test> <!-- First Test -->
  </suite> <!--  FWA Test Collection Suite -->
</testng-results>
