<?xml version="1.0" encoding="UTF-8"?>
<testng-results skipped="0" failed="0" ignored="10" total="12" passed="2">
  <reporter-output>
  </reporter-output>
  <suite name=" FWA Test Collection Suite" duration-ms="103346" started-at="2022-06-13T19:00:19 PKT" finished-at="2022-06-13T19:02:02 PKT">
    <groups>
      <group name="Regression33">
        <method signature="Projects.FWA_Project_006()[pri:6, instance:automationCases.Projects@12cdcf4]" name="FWA_Project_006" class="automationCases.Projects"/>
        <method signature="Projects.FWA_Project_007()[pri:7, instance:automationCases.Projects@12cdcf4]" name="FWA_Project_007" class="automationCases.Projects"/>
      </group> <!-- Regression33 -->
    </groups>
    <test name="First Test" duration-ms="103346" started-at="2022-06-13T19:00:19 PKT" finished-at="2022-06-13T19:02:02 PKT">
      <class name="automationCases.Projects">
        <test-method status="PASS" signature="startTest()[pri:0, instance:automationCases.Projects@12cdcf4]" name="startTest" is-config="true" duration-ms="170" started-at="2022-06-13T19:00:18 PKT" finished-at="2022-06-13T19:00:19 PKT">
          <reporter-output>
          </reporter-output>
        </test-method> <!-- startTest -->
        <test-method status="PASS" signature="FWA_Project_006()[pri:6, instance:automationCases.Projects@12cdcf4]" name="FWA_Project_006" duration-ms="39114" started-at="2022-06-13T19:00:19 PKT" finished-at="2022-06-13T19:00:58 PKT">
          <reporter-output>
          </reporter-output>
        </test-method> <!-- FWA_Project_006 -->
        <test-method status="PASS" signature="FWA_Project_007()[pri:7, instance:automationCases.Projects@12cdcf4]" name="FWA_Project_007" duration-ms="64179" started-at="2022-06-13T19:00:58 PKT" finished-at="2022-06-13T19:02:02 PKT">
          <reporter-output>
          </reporter-output>
        </test-method> <!-- FWA_Project_007 -->
        <test-method status="PASS" signature="endTest()[pri:0, instance:automationCases.Projects@12cdcf4]" name="endTest" is-config="true" duration-ms="560" started-at="2022-06-13T19:02:02 PKT" finished-at="2022-06-13T19:02:02 PKT">
          <reporter-output>
          </reporter-output>
        </test-method> <!-- endTest -->
      </class> <!-- automationCases.Projects -->
    </test> <!-- First Test -->
  </suite> <!--  FWA Test Collection Suite -->
</testng-results>
