<?xml version="1.0" encoding="UTF-8"?>
<testng-results skipped="0" failed="0" ignored="2" total="3" passed="1">
  <reporter-output>
  </reporter-output>
  <suite name=" FWA Test Collection Suite" duration-ms="40764" started-at="2022-06-16T18:38:51 PKT" finished-at="2022-06-16T18:39:31 PKT">
    <groups>
      <group name="Regression333">
        <method signature="Models.FWA_Model_003()[pri:1, instance:automationCases.Models@60285225]" name="FWA_Model_003" class="automationCases.Models"/>
      </group> <!-- Regression333 -->
      <group name="smoke">
        <method signature="Models.FWA_Model_003()[pri:1, instance:automationCases.Models@60285225]" name="FWA_Model_003" class="automationCases.Models"/>
      </group> <!-- smoke -->
    </groups>
    <test name="First Test" duration-ms="40764" started-at="2022-06-16T18:38:51 PKT" finished-at="2022-06-16T18:39:31 PKT">
      <class name="automationCases.Models">
        <test-method status="PASS" signature="startTest()[pri:0, instance:automationCases.Models@60285225]" name="startTest" is-config="true" duration-ms="172" started-at="2022-06-16T18:38:51 PKT" finished-at="2022-06-16T18:38:51 PKT">
          <reporter-output>
          </reporter-output>
        </test-method> <!-- startTest -->
        <test-method status="PASS" signature="FWA_Model_003()[pri:1, instance:automationCases.Models@60285225]" name="FWA_Model_003" duration-ms="40719" started-at="2022-06-16T18:38:51 PKT" finished-at="2022-06-16T18:39:31 PKT">
          <reporter-output>
          </reporter-output>
        </test-method> <!-- FWA_Model_003 -->
        <test-method status="PASS" signature="endTest()[pri:0, instance:automationCases.Models@60285225]" name="endTest" is-config="true" duration-ms="473" started-at="2022-06-16T18:39:32 PKT" finished-at="2022-06-16T18:39:32 PKT">
          <reporter-output>
          </reporter-output>
        </test-method> <!-- endTest -->
      </class> <!-- automationCases.Models -->
    </test> <!-- First Test -->
  </suite> <!--  FWA Test Collection Suite -->
</testng-results>
