<?xml version="1.0" encoding="UTF-8"?>
<testng-results ignored="4" total="5" passed="1" failed="0" skipped="0">
  <reporter-output>
  </reporter-output>
  <suite started-at="2022-08-10T15:50:27 PKT" name=" FWA Test Collection Suite" finished-at="2022-08-10T15:51:08 PKT" duration-ms="40874">
    <groups>
      <group name="regression1">
        <method signature="RuleLibrary.FWA_RuleLibrary_001()[pri:1, instance:automationCases.RuleLibrary@3d74bf60]" name="FWA_RuleLibrary_001" class="automationCases.RuleLibrary"/>
      </group> <!-- regression1 -->
      <group name="smoke">
        <method signature="RuleLibrary.FWA_RuleLibrary_001()[pri:1, instance:automationCases.RuleLibrary@3d74bf60]" name="FWA_RuleLibrary_001" class="automationCases.RuleLibrary"/>
      </group> <!-- smoke -->
    </groups>
    <test started-at="2022-08-10T15:50:27 PKT" name="First Test" finished-at="2022-08-10T15:51:08 PKT" duration-ms="40874">
      <class name="automationCases.RuleLibrary">
        <test-method is-config="true" signature="startTest()[pri:0, instance:automationCases.RuleLibrary@3d74bf60]" started-at="2022-08-10T15:50:27 PKT" name="startTest" finished-at="2022-08-10T15:50:27 PKT" duration-ms="148" status="PASS">
          <reporter-output>
          </reporter-output>
        </test-method> <!-- startTest -->
        <test-method signature="FWA_RuleLibrary_001()[pri:1, instance:automationCases.RuleLibrary@3d74bf60]" started-at="2022-08-10T15:50:27 PKT" name="FWA_RuleLibrary_001" finished-at="2022-08-10T15:51:08 PKT" duration-ms="40844" status="PASS">
          <reporter-output>
          </reporter-output>
        </test-method> <!-- FWA_RuleLibrary_001 -->
        <test-method is-config="true" signature="endTest()[pri:0, instance:automationCases.RuleLibrary@3d74bf60]" started-at="2022-08-10T15:51:08 PKT" name="endTest" finished-at="2022-08-10T15:51:08 PKT" duration-ms="263" status="PASS">
          <reporter-output>
          </reporter-output>
        </test-method> <!-- endTest -->
      </class> <!-- automationCases.RuleLibrary -->
    </test> <!-- First Test -->
  </suite> <!--  FWA Test Collection Suite -->
</testng-results>
