<?xml version="1.0" encoding="UTF-8"?>
<testng-results ignored="0" total="5" passed="5" failed="0" skipped="0">
  <reporter-output>
  </reporter-output>
  <suite started-at="2022-08-10T16:31:49 PKT" name=" FWA Test Collection Suite" finished-at="2022-08-10T16:39:59 PKT" duration-ms="489478">
    <groups>
      <group name="regression">
        <method signature="RuleLibrary.FWA_RuleLibrary_001()[pri:1, instance:automationCases.RuleLibrary@3d74bf60]" name="FWA_RuleLibrary_001" class="automationCases.RuleLibrary"/>
        <method signature="RuleLibrary.FWA_RuleLibrary_002()[pri:2, instance:automationCases.RuleLibrary@3d74bf60]" name="FWA_RuleLibrary_002" class="automationCases.RuleLibrary"/>
        <method signature="RuleLibrary.FWA_RuleLibrary_003()[pri:3, instance:automationCases.RuleLibrary@3d74bf60]" name="FWA_RuleLibrary_003" class="automationCases.RuleLibrary"/>
        <method signature="RuleLibrary.FWA_RuleLibrary_004()[pri:4, instance:automationCases.RuleLibrary@3d74bf60]" name="FWA_RuleLibrary_004" class="automationCases.RuleLibrary"/>
        <method signature="RuleLibrary.FWA_RuleLibrary_005()[pri:4, instance:automationCases.RuleLibrary@3d74bf60]" name="FWA_RuleLibrary_005" class="automationCases.RuleLibrary"/>
      </group> <!-- regression -->
      <group name="smoke">
        <method signature="RuleLibrary.FWA_RuleLibrary_001()[pri:1, instance:automationCases.RuleLibrary@3d74bf60]" name="FWA_RuleLibrary_001" class="automationCases.RuleLibrary"/>
        <method signature="RuleLibrary.FWA_RuleLibrary_002()[pri:2, instance:automationCases.RuleLibrary@3d74bf60]" name="FWA_RuleLibrary_002" class="automationCases.RuleLibrary"/>
        <method signature="RuleLibrary.FWA_RuleLibrary_003()[pri:3, instance:automationCases.RuleLibrary@3d74bf60]" name="FWA_RuleLibrary_003" class="automationCases.RuleLibrary"/>
        <method signature="RuleLibrary.FWA_RuleLibrary_004()[pri:4, instance:automationCases.RuleLibrary@3d74bf60]" name="FWA_RuleLibrary_004" class="automationCases.RuleLibrary"/>
        <method signature="RuleLibrary.FWA_RuleLibrary_005()[pri:4, instance:automationCases.RuleLibrary@3d74bf60]" name="FWA_RuleLibrary_005" class="automationCases.RuleLibrary"/>
      </group> <!-- smoke -->
    </groups>
    <test started-at="2022-08-10T16:31:49 PKT" name="First Test" finished-at="2022-08-10T16:39:59 PKT" duration-ms="489478">
      <class name="automationCases.RuleLibrary">
        <test-method is-config="true" signature="startTest()[pri:0, instance:automationCases.RuleLibrary@3d74bf60]" started-at="2022-08-10T16:31:49 PKT" name="startTest" finished-at="2022-08-10T16:31:49 PKT" duration-ms="159" status="PASS">
          <reporter-output>
          </reporter-output>
        </test-method> <!-- startTest -->
        <test-method signature="FWA_RuleLibrary_001()[pri:1, instance:automationCases.RuleLibrary@3d74bf60]" started-at="2022-08-10T16:31:49 PKT" name="FWA_RuleLibrary_001" finished-at="2022-08-10T16:34:14 PKT" duration-ms="144130" status="PASS">
          <reporter-output>
          </reporter-output>
        </test-method> <!-- FWA_RuleLibrary_001 -->
        <test-method signature="FWA_RuleLibrary_002()[pri:2, instance:automationCases.RuleLibrary@3d74bf60]" started-at="2022-08-10T16:34:14 PKT" name="FWA_RuleLibrary_002" finished-at="2022-08-10T16:35:52 PKT" duration-ms="98310" status="PASS">
          <reporter-output>
          </reporter-output>
        </test-method> <!-- FWA_RuleLibrary_002 -->
        <test-method signature="FWA_RuleLibrary_003()[pri:3, instance:automationCases.RuleLibrary@3d74bf60]" started-at="2022-08-10T16:35:52 PKT" name="FWA_RuleLibrary_003" finished-at="2022-08-10T16:37:35 PKT" duration-ms="103338" status="PASS">
          <reporter-output>
          </reporter-output>
        </test-method> <!-- FWA_RuleLibrary_003 -->
        <test-method signature="FWA_RuleLibrary_004()[pri:4, instance:automationCases.RuleLibrary@3d74bf60]" started-at="2022-08-10T16:37:35 PKT" name="FWA_RuleLibrary_004" finished-at="2022-08-10T16:38:59 PKT" duration-ms="83592" status="PASS">
          <reporter-output>
          </reporter-output>
        </test-method> <!-- FWA_RuleLibrary_004 -->
        <test-method signature="FWA_RuleLibrary_005()[pri:4, instance:automationCases.RuleLibrary@3d74bf60]" started-at="2022-08-10T16:38:59 PKT" name="FWA_RuleLibrary_005" finished-at="2022-08-10T16:39:59 PKT" duration-ms="60068" status="PASS">
          <reporter-output>
          </reporter-output>
        </test-method> <!-- FWA_RuleLibrary_005 -->
        <test-method is-config="true" signature="endTest()[pri:0, instance:automationCases.RuleLibrary@3d74bf60]" started-at="2022-08-10T16:39:59 PKT" name="endTest" finished-at="2022-08-10T16:40:00 PKT" duration-ms="686" status="PASS">
          <reporter-output>
          </reporter-output>
        </test-method> <!-- endTest -->
      </class> <!-- automationCases.RuleLibrary -->
    </test> <!-- First Test -->
  </suite> <!--  FWA Test Collection Suite -->
</testng-results>
