<?xml version="1.0" encoding="UTF-8"?>
<!-- Generated by org.testng.reporters.JUnitXMLReporter -->
<testsuite hostname="Faisal" ignored="3" name="First Test" tests="1" failures="1" timestamp="2022-03-09T16:49:37 PKT" time="69.816" errors="0">
  <testcase name="FWA_Project_004" time="69.631" classname="automationCases.Projects">
    <failure type="java.lang.NullPointerException">
      <![CDATA[java.lang.NullPointerException
at automationCases.Projects.FWA_Project_004(Projects.java:187)
at java.util.ArrayList.forEach(Unknown Source)
... Removed 27 stack frames]]>
    </failure>
  </testcase> <!-- FWA_Project_004 -->
  <testcase name="FWA_Project_002" time="0.0" classname="automationCases.Projects">
    <ignored/>
  </testcase> <!-- FWA_Project_002 -->
  <testcase name="FWA_Project_003" time="0.0" classname="automationCases.Projects">
    <ignored/>
  </testcase> <!-- FWA_Project_003 -->
  <testcase name="FWA_Project_001" time="0.0" classname="automationCases.Projects">
    <ignored/>
  </testcase> <!-- FWA_Project_001 -->
</testsuite> <!-- First Test -->
