<?xml version="1.0" encoding="UTF-8"?>
<!-- Generated by org.testng.reporters.JUnitXMLReporter -->
<testsuite hostname="Faisal" ignored="0" name="Default test" tests="5" failures="0" timestamp="2022-04-29T08:08:29 PKT" time="232.062" errors="0">
  <testcase name="FWA_CreateTestData_001" time="96.22" classname="automationCases.CreateTestData"/>
  <testcase name="FWA_CreateTestData_002" time="45.473" classname="automationCases.CreateTestData"/>
  <testcase name="FWA_CreateTestData_003" time="30.024" classname="automationCases.CreateTestData"/>
  <testcase name="FWA_CreateTestData_004" time="36.396" classname="automationCases.CreateTestData"/>
  <testcase name="FWA_CreateTestData_005" time="23.897" classname="automationCases.CreateTestData"/>
</testsuite> <!-- Default test -->
