<?xml version="1.0" encoding="UTF-8"?>
<!-- Generated by org.testng.reporters.JUnitXMLReporter -->
<testsuite ignored="7" hostname="aaqaapp01-vm" failures="0" tests="1" name="First Test" time="30.814" errors="0" timestamp="2022-08-31T14:00:57 UTC">
  <testcase classname="automationCases.UserManagement" name="FWA_UserManagement_007" time="30.776"/>
  <testcase classname="automationCases.UserManagement" name="FWA_UserManagement_001" time="0.0">
    <ignored/>
  </testcase> <!-- FWA_UserManagement_001 -->
  <testcase classname="automationCases.UserManagement" name="FWA_UserManagement_002" time="0.0">
    <ignored/>
  </testcase> <!-- FWA_UserManagement_002 -->
  <testcase classname="automationCases.UserManagement" name="FWA_UserManagement_005" time="0.0">
    <ignored/>
  </testcase> <!-- FWA_UserManagement_005 -->
  <testcase classname="automationCases.UserManagement" name="FWA_UserManagement_006" time="0.0">
    <ignored/>
  </testcase> <!-- FWA_UserManagement_006 -->
  <testcase classname="automationCases.UserManagement" name="FWA_UserManagement_003" time="0.0">
    <ignored/>
  </testcase> <!-- FWA_UserManagement_003 -->
  <testcase classname="automationCases.UserManagement" name="FWA_UserManagement_004" time="0.0">
    <ignored/>
  </testcase> <!-- FWA_UserManagement_004 -->
  <testcase classname="automationCases.UserManagement" name="FWA_UserManagement_008" time="0.0">
    <ignored/>
  </testcase> <!-- FWA_UserManagement_008 -->
</testsuite> <!-- First Test -->
