<?xml version="1.0" encoding="UTF-8"?>
<!-- Generated by org.testng.reporters.JUnitXMLReporter -->
<testsuite hostname="Faisal" ignored="1" name="First Test" tests="4" failures="0" timestamp="2022-06-21T18:15:56 PKT" time="194.291" errors="0">
  <testcase name="FWA_Model_002" time="37.663" classname="automationCases.Models"/>
  <testcase name="FWA_Model_003" time="37.505" classname="automationCases.Models"/>
  <testcase name="FWA_Model_004" time="59.882" classname="automationCases.Models"/>
  <testcase name="FWA_Model_005" time="59.201" classname="automationCases.Models"/>
  <testcase name="FWA_Model_001" time="0.0" classname="automationCases.Models">
    <ignored/>
  </testcase> <!-- FWA_Model_001 -->
</testsuite> <!-- First Test -->
