<?xml version="1.0" encoding="UTF-8"?>
<!-- Generated by org.testng.reporters.JUnitXMLReporter -->
<testsuite ignored="0" hostname="AA-CLM-25" failures="0" tests="8" name="First Test" time="487.562" errors="0" timestamp="2022-07-27T18:26:14 PKT">
  <testcase classname="automationCases.DataCleansing" name="FWA_DataCleansing_001" time="32.85"/>
  <testcase classname="automationCases.DataCleansing" name="FWA_DataCleansing_002" time="49.515"/>
  <testcase classname="automationCases.DataCleansing" name="FWA_DataCleansing_003" time="24.827"/>
  <testcase classname="automationCases.DataCleansing" name="FWA_DataCleansing_004" time="21.667"/>
  <testcase classname="automationCases.DataCleansing" name="FWA_DataCleansing_005" time="51.077"/>
  <testcase classname="automationCases.DataCleansing" name="FWA_DataCleansing_006" time="80.515"/>
  <testcase classname="automationCases.DataCleansing" name="FWA_DataCleansing_007" time="60.837"/>
  <testcase classname="automationCases.DataCleansing" name="FWA_DataCleansing_008" time="166.231"/>
</testsuite> <!-- First Test -->
