<?xml version="1.0" encoding="UTF-8"?>
<!-- Generated by org.testng.reporters.JUnitXMLReporter -->
<testsuite hostname="Faisal" ignored="10" name="First Test" tests="2" failures="0" timestamp="2022-06-14T17:52:09 PKT" time="175.928" errors="0">
  <testcase name="FWA_Project_008" time="63.992" classname="automationCases.Projects"/>
  <testcase name="FWA_Project_009" time="111.888" classname="automationCases.Projects"/>
  <testcase name="FWA_Project_002" time="0.0" classname="automationCases.Projects">
    <ignored/>
  </testcase> <!-- FWA_Project_002 -->
  <testcase name="FWA_Project_003" time="0.0" classname="automationCases.Projects">
    <ignored/>
  </testcase> <!-- FWA_Project_003 -->
  <testcase name="FWA_Project_004" time="0.0" classname="automationCases.Projects">
    <ignored/>
  </testcase> <!-- FWA_Project_004 -->
  <testcase name="FWA_Project_010" time="0.0" classname="automationCases.Projects">
    <ignored/>
  </testcase> <!-- FWA_Project_010 -->
  <testcase name="FWA_Project_011" time="0.0" classname="automationCases.Projects">
    <ignored/>
  </testcase> <!-- FWA_Project_011 -->
  <testcase name="FWA_Project_005" time="0.0" classname="automationCases.Projects">
    <ignored/>
  </testcase> <!-- FWA_Project_005 -->
  <testcase name="FWA_Project_006" time="0.0" classname="automationCases.Projects">
    <ignored/>
  </testcase> <!-- FWA_Project_006 -->
  <testcase name="FWA_Project_007" time="0.0" classname="automationCases.Projects">
    <ignored/>
  </testcase> <!-- FWA_Project_007 -->
  <testcase name="FWA_Project_001" time="0.0" classname="automationCases.Projects">
    <ignored/>
  </testcase> <!-- FWA_Project_001 -->
  <testcase name="FWA_Project_012" time="0.0" classname="automationCases.Projects">
    <ignored/>
  </testcase> <!-- FWA_Project_012 -->
</testsuite> <!-- First Test -->
