<?xml version="1.0" encoding="UTF-8"?>
<!-- Generated by org.testng.reporters.JUnitXMLReporter -->
<testsuite hostname="Faisal" ignored="51" name="First Test" tests="14" failures="0" timestamp="2022-05-09T16:26:58 PKT" time="703.321" errors="0">
  <testcase name="FWA_Project_001" time="49.805" classname="automationCases.Projects"/>
  <testcase name="FWA_Project_003" time="45.093" classname="automationCases.Projects"/>
  <testcase name="FWA_DataSource_001" time="62.358" classname="automationCases.DataSource"/>
  <testcase name="FWA_Model_003" time="37.374" classname="automationCases.Models"/>
  <testcase name="FWA_Ranking_001" time="37.782" classname="automationCases.Ranking"/>
  <testcase name="FWA_DataSource_001" time="51.142" classname="automationCases.QueryBuilder"/>
  <testcase name="FWA_DataSource_001" time="39.03" classname="automationCases.DataCleansing"/>
  <testcase name="FWA_CreateTestData_001" time="39.295" classname="automationCases.Charting"/>
  <testcase name="FWA_Ranking_001" time="35.851" classname="automationCases.Security"/>
  <testcase name="FWA_Scheduler_001" time="47.127" classname="automationCases.Scheduler"/>
  <testcase name="FWA_RuleLibrary_001" time="69.254" classname="automationCases.RuleLibrary"/>
  <testcase name="FWA_Dashboard_001" time="36.172" classname="automationCases.Dashboard">
    <skipped/>
  </testcase> <!-- FWA_Dashboard_001 -->
  <testcase name="FWA_Dashboard_001" time="71.27" classname="automationCases.Dashboard">
    <skipped/>
  </testcase> <!-- FWA_Dashboard_001 -->
  <testcase name="FWA_Dashboard_001" time="81.686" classname="automationCases.Dashboard"/>
  <testcase name="FWA_Project_009" time="0.0" classname="automationCases.Projects">
    <ignored/>
  </testcase> <!-- FWA_Project_009 -->
  <testcase name="FWA_Project_005" time="0.0" classname="automationCases.Projects">
    <ignored/>
  </testcase> <!-- FWA_Project_005 -->
  <testcase name="FWA_Project_006" time="0.0" classname="automationCases.Projects">
    <ignored/>
  </testcase> <!-- FWA_Project_006 -->
  <testcase name="FWA_Project_007" time="0.0" classname="automationCases.Projects">
    <ignored/>
  </testcase> <!-- FWA_Project_007 -->
  <testcase name="FWA_Project_008" time="0.0" classname="automationCases.Projects">
    <ignored/>
  </testcase> <!-- FWA_Project_008 -->
  <testcase name="FWA_DataSource_002" time="0.0" classname="automationCases.DataSource">
    <ignored/>
  </testcase> <!-- FWA_DataSource_002 -->
  <testcase name="FWA_Project_013" time="0.0" classname="automationCases.Projects">
    <ignored/>
  </testcase> <!-- FWA_Project_013 -->
  <testcase name="FWA_DataSource_002" time="0.0" classname="automationCases.QueryBuilder">
    <ignored/>
  </testcase> <!-- FWA_DataSource_002 -->
  <testcase name="FWA_Project_010" time="0.0" classname="automationCases.Projects">
    <ignored/>
  </testcase> <!-- FWA_Project_010 -->
  <testcase name="FWA_Project_011" time="0.0" classname="automationCases.Projects">
    <ignored/>
  </testcase> <!-- FWA_Project_011 -->
  <testcase name="FWA_CreateTestData_006" time="0.0" classname="automationCases.Charting">
    <ignored/>
  </testcase> <!-- FWA_CreateTestData_006 -->
  <testcase name="FWA_CreateTestData_003" time="0.0" classname="automationCases.Charting">
    <ignored/>
  </testcase> <!-- FWA_CreateTestData_003 -->
  <testcase name="FWA_CreateTestData_005" time="0.0" classname="automationCases.Charting">
    <ignored/>
  </testcase> <!-- FWA_CreateTestData_005 -->
  <testcase name="FWA_CreateTestData_002" time="0.0" classname="automationCases.Charting">
    <ignored/>
  </testcase> <!-- FWA_CreateTestData_002 -->
  <testcase name="FWA_CreateTestData_007" time="0.0" classname="automationCases.Charting">
    <ignored/>
  </testcase> <!-- FWA_CreateTestData_007 -->
  <testcase name="FWA_Project_012" time="0.0" classname="automationCases.Projects">
    <ignored/>
  </testcase> <!-- FWA_Project_012 -->
  <testcase name="FWA_CreateTestData_004" time="0.0" classname="automationCases.Charting">
    <ignored/>
  </testcase> <!-- FWA_CreateTestData_004 -->
  <testcase name="FWA_Project_002" time="0.0" classname="automationCases.Projects">
    <ignored/>
  </testcase> <!-- FWA_Project_002 -->
  <testcase name="FWA_Project_004" time="0.0" classname="automationCases.Projects">
    <ignored/>
  </testcase> <!-- FWA_Project_004 -->
  <testcase name="FWA_DataSource_006" time="0.0" classname="automationCases.DataSource">
    <ignored/>
  </testcase> <!-- FWA_DataSource_006 -->
  <testcase name="FWA_DataSource_005" time="0.0" classname="automationCases.DataSource">
    <ignored/>
  </testcase> <!-- FWA_DataSource_005 -->
  <testcase name="FWA_DataSource_004" time="0.0" classname="automationCases.DataSource">
    <ignored/>
  </testcase> <!-- FWA_DataSource_004 -->
  <testcase name="FWA_DataSource_003" time="0.0" classname="automationCases.DataSource">
    <ignored/>
  </testcase> <!-- FWA_DataSource_003 -->
  <testcase name="FWA_CreateTestData_009" time="0.0" classname="automationCases.Charting">
    <ignored/>
  </testcase> <!-- FWA_CreateTestData_009 -->
  <testcase name="FWA_CreateTestData_008" time="0.0" classname="automationCases.Charting">
    <ignored/>
  </testcase> <!-- FWA_CreateTestData_008 -->
  <testcase name="FWA_Model_001" time="0.0" classname="automationCases.Models">
    <ignored/>
  </testcase> <!-- FWA_Model_001 -->
  <testcase name="@AfterSuite endTest" time="0.0" classname="configuration.Configuration">
    <ignored/>
  </testcase> <!-- @AfterSuite endTest -->
  <testcase name="@AfterSuite endTest" time="0.0" classname="configuration.Configuration">
    <ignored/>
  </testcase> <!-- @AfterSuite endTest -->
  <testcase name="@AfterSuite endTest" time="0.0" classname="configuration.Configuration">
    <ignored/>
  </testcase> <!-- @AfterSuite endTest -->
  <testcase name="@AfterSuite endTest" time="0.0" classname="configuration.Configuration">
    <ignored/>
  </testcase> <!-- @AfterSuite endTest -->
  <testcase name="@AfterSuite endTest" time="0.0" classname="configuration.Configuration">
    <ignored/>
  </testcase> <!-- @AfterSuite endTest -->
  <testcase name="@AfterSuite endTest" time="0.0" classname="configuration.Configuration">
    <ignored/>
  </testcase> <!-- @AfterSuite endTest -->
  <testcase name="@AfterSuite endTest" time="0.0" classname="configuration.Configuration">
    <ignored/>
  </testcase> <!-- @AfterSuite endTest -->
  <testcase name="@AfterSuite endTest" time="0.0" classname="configuration.Configuration">
    <ignored/>
  </testcase> <!-- @AfterSuite endTest -->
  <testcase name="@AfterSuite endTest" time="0.0" classname="configuration.Configuration">
    <ignored/>
  </testcase> <!-- @AfterSuite endTest -->
  <testcase name="@AfterSuite endTest" time="0.0" classname="configuration.Configuration">
    <ignored/>
  </testcase> <!-- @AfterSuite endTest -->
  <testcase name="@AfterSuite endTest" time="0.0" classname="configuration.Configuration">
    <ignored/>
  </testcase> <!-- @AfterSuite endTest -->
  <testcase name="@AfterSuite endTest" time="0.0" classname="configuration.Configuration">
    <ignored/>
  </testcase> <!-- @AfterSuite endTest -->
  <testcase name="@BeforeSuite startTest" time="0.0" classname="configuration.Configuration">
    <ignored/>
  </testcase> <!-- @BeforeSuite startTest -->
  <testcase name="@BeforeSuite startTest" time="0.0" classname="configuration.Configuration">
    <ignored/>
  </testcase> <!-- @BeforeSuite startTest -->
  <testcase name="@BeforeSuite startTest" time="0.0" classname="configuration.Configuration">
    <ignored/>
  </testcase> <!-- @BeforeSuite startTest -->
  <testcase name="@BeforeSuite startTest" time="0.0" classname="configuration.Configuration">
    <ignored/>
  </testcase> <!-- @BeforeSuite startTest -->
  <testcase name="@BeforeSuite startTest" time="0.0" classname="configuration.Configuration">
    <ignored/>
  </testcase> <!-- @BeforeSuite startTest -->
  <testcase name="@BeforeSuite startTest" time="0.0" classname="configuration.Configuration">
    <ignored/>
  </testcase> <!-- @BeforeSuite startTest -->
  <testcase name="@BeforeSuite startTest" time="0.0" classname="configuration.Configuration">
    <ignored/>
  </testcase> <!-- @BeforeSuite startTest -->
  <testcase name="@BeforeSuite startTest" time="0.0" classname="configuration.Configuration">
    <ignored/>
  </testcase> <!-- @BeforeSuite startTest -->
  <testcase name="@BeforeSuite startTest" time="0.0" classname="configuration.Configuration">
    <ignored/>
  </testcase> <!-- @BeforeSuite startTest -->
  <testcase name="@BeforeSuite startTest" time="0.0" classname="configuration.Configuration">
    <ignored/>
  </testcase> <!-- @BeforeSuite startTest -->
  <testcase name="@BeforeSuite startTest" time="0.0" classname="configuration.Configuration">
    <ignored/>
  </testcase> <!-- @BeforeSuite startTest -->
  <testcase name="@BeforeSuite startTest" time="0.0" classname="configuration.Configuration">
    <ignored/>
  </testcase> <!-- @BeforeSuite startTest -->
  <testcase name="FWA_Model_002" time="0.0" classname="automationCases.Models">
    <ignored/>
  </testcase> <!-- FWA_Model_002 -->
</testsuite> <!-- First Test -->
