<?xml version="1.0" encoding="UTF-8"?>
<!-- Generated by org.testng.reporters.JUnitXMLReporter -->
<testsuite ignored="2" hostname="AA-CLM-25" failures="0" tests="1" name="First Test" time="91.699" errors="0" timestamp="2022-08-30T18:57:19 PKT">
  <testcase classname="automationCases.QueryBuilder" name="FWA_QueryBuilder_003" time="91.669"/>
  <testcase classname="automationCases.QueryBuilder" name="FWA_QueryBuilder_002" time="0.0">
    <ignored/>
  </testcase> <!-- FWA_QueryBuilder_002 -->
  <testcase classname="automationCases.QueryBuilder" name="FWA_QueryBuilder_001" time="0.0">
    <ignored/>
  </testcase> <!-- FWA_QueryBuilder_001 -->
</testsuite> <!-- First Test -->
