<?xml version="1.0" encoding="UTF-8"?>
<!-- Generated by org.testng.reporters.JUnitXMLReporter -->
<testsuite ignored="4" hostname="AA-CLM-22" failures="0" tests="2" name="First Test" time="102.321" errors="0" timestamp="2022-07-15T19:21:16 PKT">
  <testcase classname="automationCases.DataSource" name="FWA_DataSource_003" time="57.049"/>
  <testcase classname="automationCases.DataSource" name="FWA_DataSource_004" time="45.242"/>
  <testcase classname="automationCases.DataSource" name="FWA_DataSource_001" time="0.0">
    <ignored/>
  </testcase> <!-- FWA_DataSource_001 -->
  <testcase classname="automationCases.DataSource" name="FWA_DataSource_006" time="0.0">
    <ignored/>
  </testcase> <!-- FWA_DataSource_006 -->
  <testcase classname="automationCases.DataSource" name="FWA_DataSource_005" time="0.0">
    <ignored/>
  </testcase> <!-- FWA_DataSource_005 -->
  <testcase classname="automationCases.DataSource" name="FWA_DataSource_002" time="0.0">
    <ignored/>
  </testcase> <!-- FWA_DataSource_002 -->
</testsuite> <!-- First Test -->
