<?xml version="1.0" encoding="UTF-8"?>
<!-- Generated by org.testng.reporters.JUnitXMLReporter -->
<testsuite ignored="0" hostname="AA-CLM-25" failures="0" tests="5" name="First Test" time="563.507" errors="0" timestamp="2022-08-12T16:15:57 PKT">
  <testcase classname="automationCases.RuleLibrary" name="FWA_RuleLibrary_001" time="160.828"/>
  <testcase classname="automationCases.RuleLibrary" name="FWA_RuleLibrary_002" time="120.967"/>
  <testcase classname="automationCases.RuleLibrary" name="FWA_RuleLibrary_003" time="118.332"/>
  <testcase classname="automationCases.RuleLibrary" name="FWA_RuleLibrary_004" time="94.21"/>
  <testcase classname="automationCases.RuleLibrary" name="FWA_RuleLibrary_005" time="69.112"/>
</testsuite> <!-- First Test -->
