<?xml version="1.0" encoding="UTF-8"?>
<!-- Generated by org.testng.reporters.JUnitXMLReporter -->
<testsuite ignored="49" hostname="AA-CLM-22" failures="1" tests="18" name="First Test" time="948.585" errors="0" timestamp="2022-07-06T19:56:36 PKT">
  <testcase classname="automationCases.Projects" name="FWA_Project_001" time="58.404"/>
  <testcase classname="automationCases.Projects" name="FWA_Project_003" time="24.051"/>
  <testcase classname="automationCases.DataSource" name="FWA_DataSource_001" time="59.063"/>
  <testcase classname="automationCases.Models" name="FWA_Model_002" time="32.311"/>
  <testcase classname="automationCases.Models" name="FWA_Model_003" time="38.997"/>
  <testcase classname="automationCases.Models" name="FWA_Model_004" time="40.472"/>
  <testcase classname="automationCases.Models" name="FWA_Model_005" time="40.129"/>
  <testcase classname="automationCases.Ranking" name="FWA_Ranking_001" time="38.583"/>
  <testcase classname="automationCases.QueryBuilder" name="FWA_QueryBuilder_001" time="48.616"/>
  <testcase classname="automationCases.DataCleansing" name="FWA_DataCleansing_001" time="36.116"/>
  <testcase classname="automationCases.Charting" name="FWA_Charting_001" time="93.265"/>
  <testcase classname="automationCases.Security" name="FWA_Security_001" time="39.97"/>
  <testcase classname="automationCases.Scheduler" name="FWA_Scheduler_001" time="47.421">
    <skipped/>
  </testcase> <!-- FWA_Scheduler_001 -->
  <testcase classname="automationCases.Scheduler" name="FWA_Scheduler_001" time="47.909">
    <skipped/>
  </testcase> <!-- FWA_Scheduler_001 -->
  <testcase classname="automationCases.Scheduler" name="FWA_Scheduler_001" time="50.199">
    <skipped/>
  </testcase> <!-- FWA_Scheduler_001 -->
  <testcase classname="automationCases.Scheduler" name="FWA_Scheduler_001" time="47.251">
    <failure type="org.openqa.selenium.ElementClickInterceptedException" message="element click intercepted: Element &amp;lt;div id=&amp;quot;gridcolumn-1537-textEl&amp;quot; data-ref=&amp;quot;textEl&amp;quot; role=&amp;quot;presentation&amp;quot; class=&amp;quot;x-column-header-text&amp;quot;&amp;gt;...&amp;lt;/div&amp;gt; is not clickable at point (394, 172). Other element would receive the click: &amp;lt;div role=&amp;quot;presentation&amp;quot; class=&amp;quot;x-mask x-border-box&amp;quot; style=&amp;quot;height: 978px; width: 1360px; z-index: 19006; left: 0px; top: 0px;&amp;quot; id=&amp;quot;ext-element-321&amp;quot;&amp;gt;&amp;lt;/div&amp;gt;
  (Session info: headless chrome=103.0.5060.66)
Build info: version: &amp;apos;3.141.59&amp;apos;, revision: &amp;apos;e82be7d358&amp;apos;, time: &amp;apos;2018-11-14T08:17:03&amp;apos;
System info: host: &amp;apos;AA-CLM-22&amp;apos;, ip: &amp;apos;192.168.1.2&amp;apos;, os.name: &amp;apos;Windows 10&amp;apos;, os.arch: &amp;apos;amd64&amp;apos;, os.version: &amp;apos;10.0&amp;apos;, java.version: &amp;apos;14.0.2&amp;apos;
Driver info: org.openqa.selenium.chrome.ChromeDriver
Capabilities {acceptInsecureCerts: true, browserName: chrome, browserVersion: 103.0.5060.66, chrome: {chromedriverVersion: 103.0.5060.53 (a1711811edd7..., userDataDir: C:\Users\FAISAL~1\AppData\L...}, goog:chromeOptions: {debuggerAddress: localhost:64919}, javascriptEnabled: true, networkConnectionEnabled: false, pageLoadStrategy: normal, platform: WINDOWS, platformName: WINDOWS, proxy: Proxy(), setWindowRect: true, strictFileInteractability: false, timeouts: {implicit: 0, pageLoad: 300000, script: 30000}, unhandledPromptBehavior: dismiss and notify, webauthn:extension:credBlob: true, webauthn:extension:largeBlob: true, webauthn:virtualAuthenticators: true}
Session ID: a4d935969750bb12ed810586fd3407c0">
      <![CDATA[org.openqa.selenium.ElementClickInterceptedException: element click intercepted: Element <div id="gridcolumn-1537-textEl" data-ref="textEl" role="presentation" class="x-column-header-text">...</div> is not clickable at point (394, 172). Other element would receive the click: <div role="presentation" class="x-mask x-border-box" style="height: 978px; width: 1360px; z-index: 19006; left: 0px; top: 0px;" id="ext-element-321"></div>
  (Session info: headless chrome=103.0.5060.66)
Build info: version: '3.141.59', revision: 'e82be7d358', time: '2018-11-14T08:17:03'
System info: host: 'AA-CLM-22', ip: '192.168.1.2', os.name: 'Windows 10', os.arch: 'amd64', os.version: '10.0', java.version: '14.0.2'
Driver info: org.openqa.selenium.chrome.ChromeDriver
Capabilities {acceptInsecureCerts: true, browserName: chrome, browserVersion: 103.0.5060.66, chrome: {chromedriverVersion: 103.0.5060.53 (a1711811edd7..., userDataDir: C:\Users\FAISAL~1\AppData\L...}, goog:chromeOptions: {debuggerAddress: localhost:64919}, javascriptEnabled: true, networkConnectionEnabled: false, pageLoadStrategy: normal, platform: WINDOWS, platformName: WINDOWS, proxy: Proxy(), setWindowRect: true, strictFileInteractability: false, timeouts: {implicit: 0, pageLoad: 300000, script: 30000}, unhandledPromptBehavior: dismiss and notify, webauthn:extension:credBlob: true, webauthn:extension:largeBlob: true, webauthn:virtualAuthenticators: true}
Session ID: a4d935969750bb12ed810586fd3407c0
at java.base/jdk.internal.reflect.NativeConstructorAccessorImpl.newInstance0(Native Method)
at java.base/jdk.internal.reflect.NativeConstructorAccessorImpl.newInstance(NativeConstructorAccessorImpl.java:62)
at java.base/jdk.internal.reflect.DelegatingConstructorAccessorImpl.newInstance(DelegatingConstructorAccessorImpl.java:45)
at java.base/java.lang.reflect.Constructor.newInstanceWithCaller(Constructor.java:500)
at java.base/java.lang.reflect.Constructor.newInstance(Constructor.java:481)
at org.openqa.selenium.remote.http.W3CHttpResponseCodec.createException(W3CHttpResponseCodec.java:187)
at org.openqa.selenium.remote.http.W3CHttpResponseCodec.decode(W3CHttpResponseCodec.java:122)
at org.openqa.selenium.remote.http.W3CHttpResponseCodec.decode(W3CHttpResponseCodec.java:49)
at org.openqa.selenium.remote.HttpCommandExecutor.execute(HttpCommandExecutor.java:158)
at org.openqa.selenium.remote.service.DriverCommandExecutor.execute(DriverCommandExecutor.java:83)
at org.openqa.selenium.remote.RemoteWebDriver.execute(RemoteWebDriver.java:552)
at org.openqa.selenium.remote.RemoteWebElement.execute(RemoteWebElement.java:285)
at org.openqa.selenium.remote.RemoteWebElement.click(RemoteWebElement.java:84)
at jdk.internal.reflect.GeneratedMethodAccessor2.invoke(Unknown Source)
at java.base/jdk.internal.reflect.DelegatingMethodAccessorImpl.invoke(DelegatingMethodAccessorImpl.java:43)
at java.base/java.lang.reflect.Method.invoke(Method.java:564)
at org.openqa.selenium.support.pagefactory.internal.LocatingElementHandler.invoke(LocatingElementHandler.java:51)
at com.sun.proxy.$Proxy12.click(Unknown Source)
at automationModels.SchedulerModel.CreateProcess(SchedulerModel.java:142)
at automationCases.Scheduler.FWA_Scheduler_001(Scheduler.java:22)
at java.base/jdk.internal.reflect.NativeMethodAccessorImpl.invoke0(Native Method)
at java.base/jdk.internal.reflect.NativeMethodAccessorImpl.invoke(NativeMethodAccessorImpl.java:62)
at java.base/jdk.internal.reflect.DelegatingMethodAccessorImpl.invoke(DelegatingMethodAccessorImpl.java:43)
at java.base/java.lang.reflect.Method.invoke(Method.java:564)
at org.testng.internal.MethodInvocationHelper.invokeMethod(MethodInvocationHelper.java:133)
at org.testng.internal.TestInvoker.invokeMethod(TestInvoker.java:598)
at org.testng.internal.TestInvoker.retryFailed(TestInvoker.java:213)
at org.testng.internal.MethodRunner.runInSequence(MethodRunner.java:58)
at org.testng.internal.TestInvoker$MethodInvocationAgent.invoke(TestInvoker.java:824)
at org.testng.internal.TestInvoker.invokeTestMethods(TestInvoker.java:146)
at org.testng.internal.TestMethodWorker.invokeTestMethods(TestMethodWorker.java:146)
at org.testng.internal.TestMethodWorker.run(TestMethodWorker.java:128)
at java.base/java.util.ArrayList.forEach(ArrayList.java:1511)
at org.testng.TestRunner.privateRun(TestRunner.java:794)
at org.testng.TestRunner.run(TestRunner.java:596)
at org.testng.SuiteRunner.runTest(SuiteRunner.java:377)
at org.testng.SuiteRunner.runSequentially(SuiteRunner.java:371)
at org.testng.SuiteRunner.privateRun(SuiteRunner.java:332)
at org.testng.SuiteRunner.run(SuiteRunner.java:276)
at org.testng.SuiteRunnerWorker.runSuite(SuiteRunnerWorker.java:53)
at org.testng.SuiteRunnerWorker.run(SuiteRunnerWorker.java:96)
at org.testng.TestNG.runSuitesSequentially(TestNG.java:1212)
at org.testng.TestNG.runSuitesLocally(TestNG.java:1134)
at org.testng.TestNG.runSuites(TestNG.java:1063)
at org.testng.TestNG.run(TestNG.java:1031)
at org.testng.remote.AbstractRemoteTestNG.run(AbstractRemoteTestNG.java:115)
at org.testng.remote.RemoteTestNG.initAndRun(RemoteTestNG.java:251)
at org.testng.remote.RemoteTestNG.main(RemoteTestNG.java:77)
]]>
    </failure>
  </testcase> <!-- FWA_Scheduler_001 -->
  <testcase classname="automationCases.RuleLibrary" name="FWA_RuleLibrary_001" time="72.241"/>
  <testcase classname="automationCases.Dashboard" name="FWA_Dashboard_001" time="133.509"/>
  <testcase classname="automationCases.Projects" name="FWA_Project_009" time="0.0">
    <ignored/>
  </testcase> <!-- FWA_Project_009 -->
  <testcase classname="automationCases.Projects" name="FWA_Project_005" time="0.0">
    <ignored/>
  </testcase> <!-- FWA_Project_005 -->
  <testcase classname="automationCases.Projects" name="FWA_Project_006" time="0.0">
    <ignored/>
  </testcase> <!-- FWA_Project_006 -->
  <testcase classname="automationCases.Projects" name="FWA_Project_007" time="0.0">
    <ignored/>
  </testcase> <!-- FWA_Project_007 -->
  <testcase classname="automationCases.Projects" name="FWA_Project_008" time="0.0">
    <ignored/>
  </testcase> <!-- FWA_Project_008 -->
  <testcase classname="automationCases.DataSource" name="FWA_DataSource_002" time="0.0">
    <ignored/>
  </testcase> <!-- FWA_DataSource_002 -->
  <testcase classname="automationCases.QueryBuilder" name="FWA_QueryBuilder_002" time="0.0">
    <ignored/>
  </testcase> <!-- FWA_QueryBuilder_002 -->
  <testcase classname="automationCases.Projects" name="FWA_Project_010" time="0.0">
    <ignored/>
  </testcase> <!-- FWA_Project_010 -->
  <testcase classname="automationCases.Projects" name="FWA_Project_011" time="0.0">
    <ignored/>
  </testcase> <!-- FWA_Project_011 -->
  <testcase classname="automationCases.Projects" name="FWA_Project_012" time="0.0">
    <ignored/>
  </testcase> <!-- FWA_Project_012 -->
  <testcase classname="automationCases.Projects" name="FWA_Project_002" time="0.0">
    <ignored/>
  </testcase> <!-- FWA_Project_002 -->
  <testcase classname="automationCases.Projects" name="FWA_Project_004" time="0.0">
    <ignored/>
  </testcase> <!-- FWA_Project_004 -->
  <testcase classname="automationCases.DataSource" name="FWA_DataSource_006" time="0.0">
    <ignored/>
  </testcase> <!-- FWA_DataSource_006 -->
  <testcase classname="automationCases.DataSource" name="FWA_DataSource_005" time="0.0">
    <ignored/>
  </testcase> <!-- FWA_DataSource_005 -->
  <testcase classname="automationCases.DataSource" name="FWA_DataSource_004" time="0.0">
    <ignored/>
  </testcase> <!-- FWA_DataSource_004 -->
  <testcase classname="automationCases.DataSource" name="FWA_DataSource_003" time="0.0">
    <ignored/>
  </testcase> <!-- FWA_DataSource_003 -->
  <testcase classname="automationCases.Charting" name="FWA_Charting_003" time="0.0">
    <ignored/>
  </testcase> <!-- FWA_Charting_003 -->
  <testcase classname="automationCases.Models" name="FWA_Model_001" time="0.0">
    <ignored/>
  </testcase> <!-- FWA_Model_001 -->
  <testcase classname="automationCases.Charting" name="FWA_Charting_007" time="0.0">
    <ignored/>
  </testcase> <!-- FWA_Charting_007 -->
  <testcase classname="automationCases.Charting" name="FWA_Charting_004" time="0.0">
    <ignored/>
  </testcase> <!-- FWA_Charting_004 -->
  <testcase classname="automationCases.Charting" name="FWA_Charting_005" time="0.0">
    <ignored/>
  </testcase> <!-- FWA_Charting_005 -->
  <testcase classname="configuration.Configuration" name="@AfterSuite endTest" time="0.0">
    <ignored/>
  </testcase> <!-- @AfterSuite endTest -->
  <testcase classname="configuration.Configuration" name="@AfterSuite endTest" time="0.0">
    <ignored/>
  </testcase> <!-- @AfterSuite endTest -->
  <testcase classname="configuration.Configuration" name="@AfterSuite endTest" time="0.0">
    <ignored/>
  </testcase> <!-- @AfterSuite endTest -->
  <testcase classname="configuration.Configuration" name="@AfterSuite endTest" time="0.0">
    <ignored/>
  </testcase> <!-- @AfterSuite endTest -->
  <testcase classname="configuration.Configuration" name="@AfterSuite endTest" time="0.0">
    <ignored/>
  </testcase> <!-- @AfterSuite endTest -->
  <testcase classname="configuration.Configuration" name="@AfterSuite endTest" time="0.0">
    <ignored/>
  </testcase> <!-- @AfterSuite endTest -->
  <testcase classname="configuration.Configuration" name="@AfterSuite endTest" time="0.0">
    <ignored/>
  </testcase> <!-- @AfterSuite endTest -->
  <testcase classname="configuration.Configuration" name="@AfterSuite endTest" time="0.0">
    <ignored/>
  </testcase> <!-- @AfterSuite endTest -->
  <testcase classname="configuration.Configuration" name="@AfterSuite endTest" time="0.0">
    <ignored/>
  </testcase> <!-- @AfterSuite endTest -->
  <testcase classname="configuration.Configuration" name="@AfterSuite endTest" time="0.0">
    <ignored/>
  </testcase> <!-- @AfterSuite endTest -->
  <testcase classname="configuration.Configuration" name="@AfterSuite endTest" time="0.0">
    <ignored/>
  </testcase> <!-- @AfterSuite endTest -->
  <testcase classname="configuration.Configuration" name="@AfterSuite endTest" time="0.0">
    <ignored/>
  </testcase> <!-- @AfterSuite endTest -->
  <testcase classname="automationCases.Charting" name="FWA_Charting_008" time="0.0">
    <ignored/>
  </testcase> <!-- FWA_Charting_008 -->
  <testcase classname="automationCases.Charting" name="FWA_Charting_009" time="0.0">
    <ignored/>
  </testcase> <!-- FWA_Charting_009 -->
  <testcase classname="automationCases.Charting" name="FWA_Charting_006" time="0.0">
    <ignored/>
  </testcase> <!-- FWA_Charting_006 -->
  <testcase classname="configuration.Configuration" name="@BeforeSuite startTest" time="0.0">
    <ignored/>
  </testcase> <!-- @BeforeSuite startTest -->
  <testcase classname="configuration.Configuration" name="@BeforeSuite startTest" time="0.0">
    <ignored/>
  </testcase> <!-- @BeforeSuite startTest -->
  <testcase classname="configuration.Configuration" name="@BeforeSuite startTest" time="0.0">
    <ignored/>
  </testcase> <!-- @BeforeSuite startTest -->
  <testcase classname="configuration.Configuration" name="@BeforeSuite startTest" time="0.0">
    <ignored/>
  </testcase> <!-- @BeforeSuite startTest -->
  <testcase classname="configuration.Configuration" name="@BeforeSuite startTest" time="0.0">
    <ignored/>
  </testcase> <!-- @BeforeSuite startTest -->
  <testcase classname="configuration.Configuration" name="@BeforeSuite startTest" time="0.0">
    <ignored/>
  </testcase> <!-- @BeforeSuite startTest -->
  <testcase classname="configuration.Configuration" name="@BeforeSuite startTest" time="0.0">
    <ignored/>
  </testcase> <!-- @BeforeSuite startTest -->
  <testcase classname="configuration.Configuration" name="@BeforeSuite startTest" time="0.0">
    <ignored/>
  </testcase> <!-- @BeforeSuite startTest -->
  <testcase classname="configuration.Configuration" name="@BeforeSuite startTest" time="0.0">
    <ignored/>
  </testcase> <!-- @BeforeSuite startTest -->
  <testcase classname="configuration.Configuration" name="@BeforeSuite startTest" time="0.0">
    <ignored/>
  </testcase> <!-- @BeforeSuite startTest -->
  <testcase classname="configuration.Configuration" name="@BeforeSuite startTest" time="0.0">
    <ignored/>
  </testcase> <!-- @BeforeSuite startTest -->
  <testcase classname="configuration.Configuration" name="@BeforeSuite startTest" time="0.0">
    <ignored/>
  </testcase> <!-- @BeforeSuite startTest -->
  <testcase classname="automationCases.Charting" name="FWA_Charting_002" time="0.0">
    <ignored/>
  </testcase> <!-- FWA_Charting_002 -->
</testsuite> <!-- First Test -->
