<?xml version="1.0" encoding="UTF-8"?>
<!-- Generated by org.testng.reporters.JUnitXMLReporter -->
<testsuite ignored="7" hostname="AA-CLM-25" failures="0" tests="1" name="First Test" time="112.209" errors="0" timestamp="2022-09-01T17:35:21 PKT">
  <testcase classname="automationCases.UserManagement" name="FWA_UserManagement_003" time="112.158"/>
  <testcase classname="automationCases.UserManagement" name="FWA_UserManagement_001" time="0.0">
    <ignored/>
  </testcase> <!-- FWA_UserManagement_001 -->
  <testcase classname="automationCases.UserManagement" name="FWA_UserManagement_002" time="0.0">
    <ignored/>
  </testcase> <!-- FWA_UserManagement_002 -->
  <testcase classname="automationCases.UserManagement" name="FWA_UserManagement_005" time="0.0">
    <ignored/>
  </testcase> <!-- FWA_UserManagement_005 -->
  <testcase classname="automationCases.UserManagement" name="FWA_UserManagement_006" time="0.0">
    <ignored/>
  </testcase> <!-- FWA_UserManagement_006 -->
  <testcase classname="automationCases.UserManagement" name="FWA_UserManagement_004" time="0.0">
    <ignored/>
  </testcase> <!-- FWA_UserManagement_004 -->
  <testcase classname="automationCases.UserManagement" name="FWA_UserManagement_007" time="0.0">
    <ignored/>
  </testcase> <!-- FWA_UserManagement_007 -->
  <testcase classname="automationCases.UserManagement" name="FWA_UserManagement_008" time="0.0">
    <ignored/>
  </testcase> <!-- FWA_UserManagement_008 -->
</testsuite> <!-- First Test -->
