<?xml version="1.0" encoding="UTF-8"?>
<!-- Generated by org.testng.reporters.JUnitXMLReporter -->
<testsuite hostname="Faisal" ignored="3" name="First Test" tests="1" failures="0" timestamp="2022-03-16T13:16:44 PKT" time="36.847" errors="0">
  <testcase name="FWA_CreateTestData_004" time="36.624" classname="automationCases.CreateTestData"/>
  <testcase name="FWA_CreateTestData_002" time="0.0" classname="automationCases.CreateTestData">
    <ignored/>
  </testcase> <!-- FWA_CreateTestData_002 -->
  <testcase name="FWA_CreateTestData_001" time="0.0" classname="automationCases.CreateTestData">
    <ignored/>
  </testcase> <!-- FWA_CreateTestData_001 -->
  <testcase name="FWA_CreateTestData_003" time="0.0" classname="automationCases.CreateTestData">
    <ignored/>
  </testcase> <!-- FWA_CreateTestData_003 -->
</testsuite> <!-- First Test -->
