<?xml version="1.0" encoding="UTF-8"?>
<!-- Generated by org.testng.reporters.JUnitXMLReporter -->
<testsuite ignored="0" hostname="aaqaapp01-vm" failures="0" tests="4" name="First Test" time="962.437" errors="0" timestamp="2022-08-24T12:36:11 UTC">
  <testcase classname="automationCases.CreateInitiative" name="FWA_CreateInitiative_001" time="43.598"/>
  <testcase classname="automationCases.CreateInitiative" name="FWA_CreateInitiative_002" time="109.093"/>
  <testcase classname="automationCases.CreateInitiative" name="FWA_CreateInitiative_003" time="742.53"/>
  <testcase classname="automationCases.CreateInitiative" name="FWA_CreateInitiative_004" time="67.178"/>
</testsuite> <!-- First Test -->
