<?xml version="1.0" encoding="UTF-8"?>
<!-- Generated by org.testng.reporters.JUnitXMLReporter -->
<testsuite hostname="Faisal" ignored="51" name="First Test" tests="11" failures="0" timestamp="2022-05-31T13:49:22 PKT" time="0.126" errors="0">
  <testcase name="@BeforeSuite FWA_CreateTestData_003" time="24.348" classname="automationCases.CreateTestData">
    <failure type="java.lang.IndexOutOfBoundsException" message="Index: 2, Size: 2">
      <![CDATA[java.lang.IndexOutOfBoundsException: Index: 2, Size: 2
at java.util.ArrayList.rangeCheck(Unknown Source)
at java.util.ArrayList.get(Unknown Source)
at sun.reflect.NativeMethodAccessorImpl.invoke0(Native Method)
at sun.reflect.NativeMethodAccessorImpl.invoke(Unknown Source)
at sun.reflect.DelegatingMethodAccessorImpl.invoke(Unknown Source)
at java.lang.reflect.Method.invoke(Unknown Source)
at org.openqa.selenium.support.pagefactory.internal.LocatingElementListHandler.invoke(LocatingElementListHandler.java:39)
at com.sun.proxy.$Proxy10.get(Unknown Source)
at automationModels.ModelingModel.CreateModel(ModelingModel.java:145)
at automationCases.CreateTestData.FWA_CreateTestData_003(CreateTestData.java:61)
at sun.reflect.NativeMethodAccessorImpl.invoke0(Native Method)
at sun.reflect.NativeMethodAccessorImpl.invoke(Unknown Source)
at sun.reflect.DelegatingMethodAccessorImpl.invoke(Unknown Source)
at java.lang.reflect.Method.invoke(Unknown Source)
at org.testng.internal.MethodInvocationHelper.invokeMethod(MethodInvocationHelper.java:133)
at org.testng.internal.MethodInvocationHelper.invokeMethodConsideringTimeout(MethodInvocationHelper.java:62)
at org.testng.internal.ConfigInvoker.invokeConfigurationMethod(ConfigInvoker.java:385)
at org.testng.internal.ConfigInvoker.invokeConfigurations(ConfigInvoker.java:321)
at org.testng.SuiteRunner.privateRun(SuiteRunner.java:317)
at org.testng.SuiteRunner.run(SuiteRunner.java:276)
at org.testng.SuiteRunnerWorker.runSuite(SuiteRunnerWorker.java:53)
at org.testng.SuiteRunnerWorker.run(SuiteRunnerWorker.java:96)
at org.testng.TestNG.runSuitesSequentially(TestNG.java:1212)
at org.testng.TestNG.runSuitesLocally(TestNG.java:1134)
at org.testng.TestNG.runSuites(TestNG.java:1063)
at org.testng.TestNG.run(TestNG.java:1031)
at org.testng.remote.AbstractRemoteTestNG.run(AbstractRemoteTestNG.java:115)
at org.testng.remote.RemoteTestNG.initAndRun(RemoteTestNG.java:251)
at org.testng.remote.RemoteTestNG.main(RemoteTestNG.java:77)
]]>
    </failure>
  </testcase> <!-- @BeforeSuite FWA_CreateTestData_003 -->
  <testcase name="@BeforeSuite FWA_CreateTestData_004" time="19.878" classname="automationCases.CreateTestData">
    <failure type="java.lang.IndexOutOfBoundsException" message="Index: 3, Size: 0">
      <![CDATA[java.lang.IndexOutOfBoundsException: Index: 3, Size: 0
at java.util.ArrayList.rangeCheck(Unknown Source)
at java.util.ArrayList.get(Unknown Source)
at sun.reflect.NativeMethodAccessorImpl.invoke0(Native Method)
at sun.reflect.NativeMethodAccessorImpl.invoke(Unknown Source)
at sun.reflect.DelegatingMethodAccessorImpl.invoke(Unknown Source)
at java.lang.reflect.Method.invoke(Unknown Source)
at org.openqa.selenium.support.pagefactory.internal.LocatingElementListHandler.invoke(LocatingElementListHandler.java:39)
at com.sun.proxy.$Proxy10.get(Unknown Source)
at automationModels.QueryBuilderModel.CreateQueryBuilder(QueryBuilderModel.java:143)
at automationCases.CreateTestData.FWA_CreateTestData_004(CreateTestData.java:78)
at sun.reflect.NativeMethodAccessorImpl.invoke0(Native Method)
at sun.reflect.NativeMethodAccessorImpl.invoke(Unknown Source)
at sun.reflect.DelegatingMethodAccessorImpl.invoke(Unknown Source)
at java.lang.reflect.Method.invoke(Unknown Source)
at org.testng.internal.MethodInvocationHelper.invokeMethod(MethodInvocationHelper.java:133)
at org.testng.internal.MethodInvocationHelper.invokeMethodConsideringTimeout(MethodInvocationHelper.java:62)
at org.testng.internal.ConfigInvoker.invokeConfigurationMethod(ConfigInvoker.java:385)
at org.testng.internal.ConfigInvoker.invokeConfigurations(ConfigInvoker.java:321)
at org.testng.SuiteRunner.privateRun(SuiteRunner.java:317)
at org.testng.SuiteRunner.run(SuiteRunner.java:276)
at org.testng.SuiteRunnerWorker.runSuite(SuiteRunnerWorker.java:53)
at org.testng.SuiteRunnerWorker.run(SuiteRunnerWorker.java:96)
at org.testng.TestNG.runSuitesSequentially(TestNG.java:1212)
at org.testng.TestNG.runSuitesLocally(TestNG.java:1134)
at org.testng.TestNG.runSuites(TestNG.java:1063)
at org.testng.TestNG.run(TestNG.java:1031)
at org.testng.remote.AbstractRemoteTestNG.run(AbstractRemoteTestNG.java:115)
at org.testng.remote.RemoteTestNG.initAndRun(RemoteTestNG.java:251)
at org.testng.remote.RemoteTestNG.main(RemoteTestNG.java:77)
]]>
    </failure>
  </testcase> <!-- @BeforeSuite FWA_CreateTestData_004 -->
  <testcase name="FWA_Project_001" time="0.0" classname="automationCases.Projects">
    <skipped/>
  </testcase> <!-- FWA_Project_001 -->
  <testcase name="FWA_Project_003" time="0.0" classname="automationCases.Projects">
    <skipped/>
  </testcase> <!-- FWA_Project_003 -->
  <testcase name="FWA_DataSource_001" time="0.0" classname="automationCases.DataSource">
    <skipped/>
  </testcase> <!-- FWA_DataSource_001 -->
  <testcase name="FWA_Ranking_001" time="0.0" classname="automationCases.Ranking">
    <skipped/>
  </testcase> <!-- FWA_Ranking_001 -->
  <testcase name="FWA_DataSource_001" time="0.0" classname="automationCases.QueryBuilder">
    <skipped/>
  </testcase> <!-- FWA_DataSource_001 -->
  <testcase name="FWA_DataSource_001" time="0.0" classname="automationCases.DataCleansing">
    <skipped/>
  </testcase> <!-- FWA_DataSource_001 -->
  <testcase name="FWA_CreateTestData_001" time="0.0" classname="automationCases.Charting">
    <skipped/>
  </testcase> <!-- FWA_CreateTestData_001 -->
  <testcase name="FWA_Security_001" time="0.0" classname="automationCases.Security">
    <skipped/>
  </testcase> <!-- FWA_Security_001 -->
  <testcase name="FWA_Scheduler_001" time="0.0" classname="automationCases.Scheduler">
    <skipped/>
  </testcase> <!-- FWA_Scheduler_001 -->
  <testcase name="FWA_RuleLibrary_001" time="0.0" classname="automationCases.RuleLibrary">
    <skipped/>
  </testcase> <!-- FWA_RuleLibrary_001 -->
  <testcase name="FWA_Dashboard_001" time="0.0" classname="automationCases.Dashboard">
    <skipped/>
  </testcase> <!-- FWA_Dashboard_001 -->
  <testcase name="FWA_Project_009" time="0.0" classname="automationCases.Projects">
    <ignored/>
  </testcase> <!-- FWA_Project_009 -->
  <testcase name="FWA_Project_005" time="0.0" classname="automationCases.Projects">
    <ignored/>
  </testcase> <!-- FWA_Project_005 -->
  <testcase name="FWA_Project_006" time="0.0" classname="automationCases.Projects">
    <ignored/>
  </testcase> <!-- FWA_Project_006 -->
  <testcase name="FWA_Project_007" time="0.0" classname="automationCases.Projects">
    <ignored/>
  </testcase> <!-- FWA_Project_007 -->
  <testcase name="FWA_Project_008" time="0.0" classname="automationCases.Projects">
    <ignored/>
  </testcase> <!-- FWA_Project_008 -->
  <testcase name="FWA_DataSource_002" time="0.0" classname="automationCases.DataSource">
    <ignored/>
  </testcase> <!-- FWA_DataSource_002 -->
  <testcase name="FWA_DataSource_002" time="0.0" classname="automationCases.QueryBuilder">
    <ignored/>
  </testcase> <!-- FWA_DataSource_002 -->
  <testcase name="FWA_Project_010" time="0.0" classname="automationCases.Projects">
    <ignored/>
  </testcase> <!-- FWA_Project_010 -->
  <testcase name="FWA_Project_011" time="0.0" classname="automationCases.Projects">
    <ignored/>
  </testcase> <!-- FWA_Project_011 -->
  <testcase name="FWA_CreateTestData_006" time="0.0" classname="automationCases.Charting">
    <ignored/>
  </testcase> <!-- FWA_CreateTestData_006 -->
  <testcase name="FWA_CreateTestData_003" time="0.0" classname="automationCases.Charting">
    <ignored/>
  </testcase> <!-- FWA_CreateTestData_003 -->
  <testcase name="FWA_CreateTestData_005" time="0.0" classname="automationCases.Charting">
    <ignored/>
  </testcase> <!-- FWA_CreateTestData_005 -->
  <testcase name="FWA_CreateTestData_002" time="0.0" classname="automationCases.Charting">
    <ignored/>
  </testcase> <!-- FWA_CreateTestData_002 -->
  <testcase name="FWA_CreateTestData_007" time="0.0" classname="automationCases.Charting">
    <ignored/>
  </testcase> <!-- FWA_CreateTestData_007 -->
  <testcase name="FWA_Project_012" time="0.0" classname="automationCases.Projects">
    <ignored/>
  </testcase> <!-- FWA_Project_012 -->
  <testcase name="FWA_CreateTestData_004" time="0.0" classname="automationCases.Charting">
    <ignored/>
  </testcase> <!-- FWA_CreateTestData_004 -->
  <testcase name="FWA_Project_002" time="0.0" classname="automationCases.Projects">
    <ignored/>
  </testcase> <!-- FWA_Project_002 -->
  <testcase name="FWA_Project_004" time="0.0" classname="automationCases.Projects">
    <ignored/>
  </testcase> <!-- FWA_Project_004 -->
  <testcase name="FWA_DataSource_006" time="0.0" classname="automationCases.DataSource">
    <ignored/>
  </testcase> <!-- FWA_DataSource_006 -->
  <testcase name="FWA_DataSource_005" time="0.0" classname="automationCases.DataSource">
    <ignored/>
  </testcase> <!-- FWA_DataSource_005 -->
  <testcase name="FWA_DataSource_004" time="0.0" classname="automationCases.DataSource">
    <ignored/>
  </testcase> <!-- FWA_DataSource_004 -->
  <testcase name="FWA_DataSource_003" time="0.0" classname="automationCases.DataSource">
    <ignored/>
  </testcase> <!-- FWA_DataSource_003 -->
  <testcase name="FWA_CreateTestData_009" time="0.0" classname="automationCases.Charting">
    <ignored/>
  </testcase> <!-- FWA_CreateTestData_009 -->
  <testcase name="FWA_CreateTestData_008" time="0.0" classname="automationCases.Charting">
    <ignored/>
  </testcase> <!-- FWA_CreateTestData_008 -->
  <testcase name="FWA_Model_001" time="0.0" classname="automationCases.Models">
    <ignored/>
  </testcase> <!-- FWA_Model_001 -->
  <testcase name="@AfterSuite endTest" time="0.0" classname="configuration.Configuration">
    <ignored/>
  </testcase> <!-- @AfterSuite endTest -->
  <testcase name="@AfterSuite endTest" time="0.0" classname="configuration.Configuration">
    <ignored/>
  </testcase> <!-- @AfterSuite endTest -->
  <testcase name="@AfterSuite endTest" time="0.0" classname="configuration.Configuration">
    <ignored/>
  </testcase> <!-- @AfterSuite endTest -->
  <testcase name="@AfterSuite endTest" time="0.0" classname="configuration.Configuration">
    <ignored/>
  </testcase> <!-- @AfterSuite endTest -->
  <testcase name="@AfterSuite endTest" time="0.0" classname="configuration.Configuration">
    <ignored/>
  </testcase> <!-- @AfterSuite endTest -->
  <testcase name="@AfterSuite endTest" time="0.0" classname="configuration.Configuration">
    <ignored/>
  </testcase> <!-- @AfterSuite endTest -->
  <testcase name="@AfterSuite endTest" time="0.0" classname="configuration.Configuration">
    <ignored/>
  </testcase> <!-- @AfterSuite endTest -->
  <testcase name="@AfterSuite endTest" time="0.0" classname="configuration.Configuration">
    <ignored/>
  </testcase> <!-- @AfterSuite endTest -->
  <testcase name="@AfterSuite endTest" time="0.0" classname="configuration.Configuration">
    <ignored/>
  </testcase> <!-- @AfterSuite endTest -->
  <testcase name="@AfterSuite endTest" time="0.0" classname="configuration.Configuration">
    <ignored/>
  </testcase> <!-- @AfterSuite endTest -->
  <testcase name="@AfterSuite endTest" time="0.0" classname="configuration.Configuration">
    <ignored/>
  </testcase> <!-- @AfterSuite endTest -->
  <testcase name="@AfterSuite endTest" time="0.0" classname="configuration.Configuration">
    <ignored/>
  </testcase> <!-- @AfterSuite endTest -->
  <testcase name="@BeforeSuite startTest" time="0.0" classname="configuration.Configuration">
    <ignored/>
  </testcase> <!-- @BeforeSuite startTest -->
  <testcase name="@BeforeSuite startTest" time="0.0" classname="configuration.Configuration">
    <ignored/>
  </testcase> <!-- @BeforeSuite startTest -->
  <testcase name="@BeforeSuite startTest" time="0.0" classname="configuration.Configuration">
    <ignored/>
  </testcase> <!-- @BeforeSuite startTest -->
  <testcase name="@BeforeSuite startTest" time="0.0" classname="configuration.Configuration">
    <ignored/>
  </testcase> <!-- @BeforeSuite startTest -->
  <testcase name="@BeforeSuite startTest" time="0.0" classname="configuration.Configuration">
    <ignored/>
  </testcase> <!-- @BeforeSuite startTest -->
  <testcase name="@BeforeSuite startTest" time="0.0" classname="configuration.Configuration">
    <ignored/>
  </testcase> <!-- @BeforeSuite startTest -->
  <testcase name="@BeforeSuite startTest" time="0.0" classname="configuration.Configuration">
    <ignored/>
  </testcase> <!-- @BeforeSuite startTest -->
  <testcase name="@BeforeSuite startTest" time="0.0" classname="configuration.Configuration">
    <ignored/>
  </testcase> <!-- @BeforeSuite startTest -->
  <testcase name="@BeforeSuite startTest" time="0.0" classname="configuration.Configuration">
    <ignored/>
  </testcase> <!-- @BeforeSuite startTest -->
  <testcase name="@BeforeSuite startTest" time="0.0" classname="configuration.Configuration">
    <ignored/>
  </testcase> <!-- @BeforeSuite startTest -->
  <testcase name="@BeforeSuite startTest" time="0.0" classname="configuration.Configuration">
    <ignored/>
  </testcase> <!-- @BeforeSuite startTest -->
  <testcase name="@BeforeSuite startTest" time="0.0" classname="configuration.Configuration">
    <ignored/>
  </testcase> <!-- @BeforeSuite startTest -->
  <testcase name="FWA_Model_002" time="0.0" classname="automationCases.Models">
    <ignored/>
  </testcase> <!-- FWA_Model_002 -->
  <testcase name="FWA_Model_003" time="0.0" classname="automationCases.Models">
    <ignored/>
  </testcase> <!-- FWA_Model_003 -->
</testsuite> <!-- First Test -->
