<?xml version="1.0" encoding="UTF-8"?>
<!-- Generated by org.testng.reporters.JUnitXMLReporter -->
<testsuite ignored="4" hostname="AA-CLM-25" failures="0" tests="1" name="First Test" time="40.874" errors="0" timestamp="2022-08-10T15:51:08 PKT">
  <testcase classname="automationCases.RuleLibrary" name="FWA_RuleLibrary_001" time="40.844"/>
  <testcase classname="automationCases.RuleLibrary" name="FWA_RuleLibrary_003" time="0.0">
    <ignored/>
  </testcase> <!-- FWA_RuleLibrary_003 -->
  <testcase classname="automationCases.RuleLibrary" name="FWA_RuleLibrary_005" time="0.0">
    <ignored/>
  </testcase> <!-- FWA_RuleLibrary_005 -->
  <testcase classname="automationCases.RuleLibrary" name="FWA_RuleLibrary_002" time="0.0">
    <ignored/>
  </testcase> <!-- FWA_RuleLibrary_002 -->
  <testcase classname="automationCases.RuleLibrary" name="FWA_RuleLibrary_004" time="0.0">
    <ignored/>
  </testcase> <!-- FWA_RuleLibrary_004 -->
</testsuite> <!-- First Test -->
