<?xml version="1.0" encoding="UTF-8"?>
<!-- Generated by org.testng.reporters.JUnitXMLReporter -->
<testsuite hostname="Faisal" ignored="2" name="First Test" tests="1" failures="0" timestamp="2022-06-16T18:39:31 PKT" time="40.764" errors="0">
  <testcase name="FWA_Model_003" time="40.719" classname="automationCases.Models"/>
  <testcase name="FWA_Model_001" time="0.0" classname="automationCases.Models">
    <ignored/>
  </testcase> <!-- FWA_Model_001 -->
  <testcase name="FWA_Model_002" time="0.0" classname="automationCases.Models">
    <ignored/>
  </testcase> <!-- FWA_Model_002 -->
</testsuite> <!-- First Test -->
