<?xml version="1.0" encoding="UTF-8"?>
<!-- Generated by org.testng.reporters.JUnitXMLReporter -->
<testsuite hostname="Faisal" ignored="51" name="First Test" tests="13" failures="0" timestamp="2022-05-24T19:18:51 PKT" time="707.049" errors="0">
  <testcase name="FWA_Project_001" time="57.387" classname="automationCases.Projects"/>
  <testcase name="FWA_Project_003" time="27.205" classname="automationCases.Projects"/>
  <testcase name="FWA_DataSource_001" time="56.858" classname="automationCases.DataSource">
    <skipped/>
  </testcase> <!-- FWA_DataSource_001 -->
  <testcase name="FWA_DataSource_001" time="65.311" classname="automationCases.DataSource"/>
  <testcase name="FWA_Ranking_001" time="39.924" classname="automationCases.Ranking"/>
  <testcase name="FWA_DataSource_001" time="51.549" classname="automationCases.QueryBuilder"/>
  <testcase name="FWA_DataSource_001" time="39.351" classname="automationCases.DataCleansing"/>
  <testcase name="FWA_CreateTestData_001" time="40.444" classname="automationCases.Charting"/>
  <testcase name="FWA_Security_001" time="44.475" classname="automationCases.Security"/>
  <testcase name="FWA_Scheduler_001" time="52.735" classname="automationCases.Scheduler"/>
  <testcase name="FWA_RuleLibrary_001" time="89.87" classname="automationCases.RuleLibrary"/>
  <testcase name="FWA_Dashboard_001" time="58.285" classname="automationCases.Dashboard">
    <skipped/>
  </testcase> <!-- FWA_Dashboard_001 -->
  <testcase name="FWA_Dashboard_001" time="83.58" classname="automationCases.Dashboard"/>
  <testcase name="FWA_Project_009" time="0.0" classname="automationCases.Projects">
    <ignored/>
  </testcase> <!-- FWA_Project_009 -->
  <testcase name="FWA_Project_005" time="0.0" classname="automationCases.Projects">
    <ignored/>
  </testcase> <!-- FWA_Project_005 -->
  <testcase name="FWA_Project_006" time="0.0" classname="automationCases.Projects">
    <ignored/>
  </testcase> <!-- FWA_Project_006 -->
  <testcase name="FWA_Project_007" time="0.0" classname="automationCases.Projects">
    <ignored/>
  </testcase> <!-- FWA_Project_007 -->
  <testcase name="FWA_Project_008" time="0.0" classname="automationCases.Projects">
    <ignored/>
  </testcase> <!-- FWA_Project_008 -->
  <testcase name="FWA_DataSource_002" time="0.0" classname="automationCases.DataSource">
    <ignored/>
  </testcase> <!-- FWA_DataSource_002 -->
  <testcase name="FWA_DataSource_002" time="0.0" classname="automationCases.QueryBuilder">
    <ignored/>
  </testcase> <!-- FWA_DataSource_002 -->
  <testcase name="FWA_Project_010" time="0.0" classname="automationCases.Projects">
    <ignored/>
  </testcase> <!-- FWA_Project_010 -->
  <testcase name="FWA_Project_011" time="0.0" classname="automationCases.Projects">
    <ignored/>
  </testcase> <!-- FWA_Project_011 -->
  <testcase name="FWA_CreateTestData_006" time="0.0" classname="automationCases.Charting">
    <ignored/>
  </testcase> <!-- FWA_CreateTestData_006 -->
  <testcase name="FWA_CreateTestData_003" time="0.0" classname="automationCases.Charting">
    <ignored/>
  </testcase> <!-- FWA_CreateTestData_003 -->
  <testcase name="FWA_CreateTestData_005" time="0.0" classname="automationCases.Charting">
    <ignored/>
  </testcase> <!-- FWA_CreateTestData_005 -->
  <testcase name="FWA_CreateTestData_002" time="0.0" classname="automationCases.Charting">
    <ignored/>
  </testcase> <!-- FWA_CreateTestData_002 -->
  <testcase name="FWA_CreateTestData_007" time="0.0" classname="automationCases.Charting">
    <ignored/>
  </testcase> <!-- FWA_CreateTestData_007 -->
  <testcase name="FWA_Project_012" time="0.0" classname="automationCases.Projects">
    <ignored/>
  </testcase> <!-- FWA_Project_012 -->
  <testcase name="FWA_CreateTestData_004" time="0.0" classname="automationCases.Charting">
    <ignored/>
  </testcase> <!-- FWA_CreateTestData_004 -->
  <testcase name="FWA_Project_002" time="0.0" classname="automationCases.Projects">
    <ignored/>
  </testcase> <!-- FWA_Project_002 -->
  <testcase name="FWA_Project_004" time="0.0" classname="automationCases.Projects">
    <ignored/>
  </testcase> <!-- FWA_Project_004 -->
  <testcase name="FWA_DataSource_006" time="0.0" classname="automationCases.DataSource">
    <ignored/>
  </testcase> <!-- FWA_DataSource_006 -->
  <testcase name="FWA_DataSource_005" time="0.0" classname="automationCases.DataSource">
    <ignored/>
  </testcase> <!-- FWA_DataSource_005 -->
  <testcase name="FWA_DataSource_004" time="0.0" classname="automationCases.DataSource">
    <ignored/>
  </testcase> <!-- FWA_DataSource_004 -->
  <testcase name="FWA_DataSource_003" time="0.0" classname="automationCases.DataSource">
    <ignored/>
  </testcase> <!-- FWA_DataSource_003 -->
  <testcase name="FWA_CreateTestData_009" time="0.0" classname="automationCases.Charting">
    <ignored/>
  </testcase> <!-- FWA_CreateTestData_009 -->
  <testcase name="FWA_CreateTestData_008" time="0.0" classname="automationCases.Charting">
    <ignored/>
  </testcase> <!-- FWA_CreateTestData_008 -->
  <testcase name="FWA_Model_001" time="0.0" classname="automationCases.Models">
    <ignored/>
  </testcase> <!-- FWA_Model_001 -->
  <testcase name="@AfterSuite endTest" time="0.0" classname="configuration.Configuration">
    <ignored/>
  </testcase> <!-- @AfterSuite endTest -->
  <testcase name="@AfterSuite endTest" time="0.0" classname="configuration.Configuration">
    <ignored/>
  </testcase> <!-- @AfterSuite endTest -->
  <testcase name="@AfterSuite endTest" time="0.0" classname="configuration.Configuration">
    <ignored/>
  </testcase> <!-- @AfterSuite endTest -->
  <testcase name="@AfterSuite endTest" time="0.0" classname="configuration.Configuration">
    <ignored/>
  </testcase> <!-- @AfterSuite endTest -->
  <testcase name="@AfterSuite endTest" time="0.0" classname="configuration.Configuration">
    <ignored/>
  </testcase> <!-- @AfterSuite endTest -->
  <testcase name="@AfterSuite endTest" time="0.0" classname="configuration.Configuration">
    <ignored/>
  </testcase> <!-- @AfterSuite endTest -->
  <testcase name="@AfterSuite endTest" time="0.0" classname="configuration.Configuration">
    <ignored/>
  </testcase> <!-- @AfterSuite endTest -->
  <testcase name="@AfterSuite endTest" time="0.0" classname="configuration.Configuration">
    <ignored/>
  </testcase> <!-- @AfterSuite endTest -->
  <testcase name="@AfterSuite endTest" time="0.0" classname="configuration.Configuration">
    <ignored/>
  </testcase> <!-- @AfterSuite endTest -->
  <testcase name="@AfterSuite endTest" time="0.0" classname="configuration.Configuration">
    <ignored/>
  </testcase> <!-- @AfterSuite endTest -->
  <testcase name="@AfterSuite endTest" time="0.0" classname="configuration.Configuration">
    <ignored/>
  </testcase> <!-- @AfterSuite endTest -->
  <testcase name="@AfterSuite endTest" time="0.0" classname="configuration.Configuration">
    <ignored/>
  </testcase> <!-- @AfterSuite endTest -->
  <testcase name="@BeforeSuite startTest" time="0.0" classname="configuration.Configuration">
    <ignored/>
  </testcase> <!-- @BeforeSuite startTest -->
  <testcase name="@BeforeSuite startTest" time="0.0" classname="configuration.Configuration">
    <ignored/>
  </testcase> <!-- @BeforeSuite startTest -->
  <testcase name="@BeforeSuite startTest" time="0.0" classname="configuration.Configuration">
    <ignored/>
  </testcase> <!-- @BeforeSuite startTest -->
  <testcase name="@BeforeSuite startTest" time="0.0" classname="configuration.Configuration">
    <ignored/>
  </testcase> <!-- @BeforeSuite startTest -->
  <testcase name="@BeforeSuite startTest" time="0.0" classname="configuration.Configuration">
    <ignored/>
  </testcase> <!-- @BeforeSuite startTest -->
  <testcase name="@BeforeSuite startTest" time="0.0" classname="configuration.Configuration">
    <ignored/>
  </testcase> <!-- @BeforeSuite startTest -->
  <testcase name="@BeforeSuite startTest" time="0.0" classname="configuration.Configuration">
    <ignored/>
  </testcase> <!-- @BeforeSuite startTest -->
  <testcase name="@BeforeSuite startTest" time="0.0" classname="configuration.Configuration">
    <ignored/>
  </testcase> <!-- @BeforeSuite startTest -->
  <testcase name="@BeforeSuite startTest" time="0.0" classname="configuration.Configuration">
    <ignored/>
  </testcase> <!-- @BeforeSuite startTest -->
  <testcase name="@BeforeSuite startTest" time="0.0" classname="configuration.Configuration">
    <ignored/>
  </testcase> <!-- @BeforeSuite startTest -->
  <testcase name="@BeforeSuite startTest" time="0.0" classname="configuration.Configuration">
    <ignored/>
  </testcase> <!-- @BeforeSuite startTest -->
  <testcase name="@BeforeSuite startTest" time="0.0" classname="configuration.Configuration">
    <ignored/>
  </testcase> <!-- @BeforeSuite startTest -->
  <testcase name="FWA_Model_002" time="0.0" classname="automationCases.Models">
    <ignored/>
  </testcase> <!-- FWA_Model_002 -->
  <testcase name="FWA_Model_003" time="0.0" classname="automationCases.Models">
    <ignored/>
  </testcase> <!-- FWA_Model_003 -->
</testsuite> <!-- First Test -->
