<?xml version="1.0" encoding="UTF-8"?>
<!-- Generated by org.testng.reporters.JUnitXMLReporter -->
<testsuite ignored="0" hostname="AA-CLM-25" failures="0" tests="5" name="First Test" time="489.478" errors="0" timestamp="2022-08-10T16:39:59 PKT">
  <testcase classname="automationCases.RuleLibrary" name="FWA_RuleLibrary_001" time="144.13"/>
  <testcase classname="automationCases.RuleLibrary" name="FWA_RuleLibrary_002" time="98.31"/>
  <testcase classname="automationCases.RuleLibrary" name="FWA_RuleLibrary_003" time="103.338"/>
  <testcase classname="automationCases.RuleLibrary" name="FWA_RuleLibrary_004" time="83.592"/>
  <testcase classname="automationCases.RuleLibrary" name="FWA_RuleLibrary_005" time="60.068"/>
</testsuite> <!-- First Test -->
