<?xml version="1.0" encoding="UTF-8"?>
<!-- Generated by org.testng.reporters.JUnitXMLReporter -->
<testsuite hostname="Faisal" ignored="10" name="First Test" tests="2" failures="0" timestamp="2022-06-08T18:36:03 PKT" time="249.819" errors="0">
  <testcase name="FWA_CreateTestData_001" time="106.354" classname="automationCases.Charting"/>
  <testcase name="FWA_Dashboard_001" time="143.433" classname="automationCases.Dashboard"/>
  <testcase name="FWA_CreateTestData_009" time="0.0" classname="automationCases.Charting">
    <ignored/>
  </testcase> <!-- FWA_CreateTestData_009 -->
  <testcase name="@BeforeSuite startTest" time="0.0" classname="configuration.Configuration">
    <ignored/>
  </testcase> <!-- @BeforeSuite startTest -->
  <testcase name="FWA_CreateTestData_006" time="0.0" classname="automationCases.Charting">
    <ignored/>
  </testcase> <!-- FWA_CreateTestData_006 -->
  <testcase name="FWA_CreateTestData_008" time="0.0" classname="automationCases.Charting">
    <ignored/>
  </testcase> <!-- FWA_CreateTestData_008 -->
  <testcase name="FWA_CreateTestData_003" time="0.0" classname="automationCases.Charting">
    <ignored/>
  </testcase> <!-- FWA_CreateTestData_003 -->
  <testcase name="FWA_CreateTestData_005" time="0.0" classname="automationCases.Charting">
    <ignored/>
  </testcase> <!-- FWA_CreateTestData_005 -->
  <testcase name="@AfterSuite endTest" time="0.0" classname="configuration.Configuration">
    <ignored/>
  </testcase> <!-- @AfterSuite endTest -->
  <testcase name="FWA_CreateTestData_002" time="0.0" classname="automationCases.Charting">
    <ignored/>
  </testcase> <!-- FWA_CreateTestData_002 -->
  <testcase name="FWA_CreateTestData_007" time="0.0" classname="automationCases.Charting">
    <ignored/>
  </testcase> <!-- FWA_CreateTestData_007 -->
  <testcase name="FWA_CreateTestData_004" time="0.0" classname="automationCases.Charting">
    <ignored/>
  </testcase> <!-- FWA_CreateTestData_004 -->
</testsuite> <!-- First Test -->
