<?xml version="1.0" encoding="UTF-8"?>
<!-- Generated by org.testng.reporters.JUnitXMLReporter -->
<testsuite ignored="5" hostname="AA-CLM-22" failures="0" tests="1" name="First Test" time="112.415" errors="0" timestamp="2022-07-27T18:28:52 PKT">
  <testcase classname="automationCases.DataSource" name="FWA_DataSource_006" time="112.385"/>
  <testcase classname="automationCases.DataSource" name="FWA_DataSource_001" time="0.0">
    <ignored/>
  </testcase> <!-- FWA_DataSource_001 -->
  <testcase classname="automationCases.DataSource" name="FWA_DataSource_005" time="0.0">
    <ignored/>
  </testcase> <!-- FWA_DataSource_005 -->
  <testcase classname="automationCases.DataSource" name="FWA_DataSource_004" time="0.0">
    <ignored/>
  </testcase> <!-- FWA_DataSource_004 -->
  <testcase classname="automationCases.DataSource" name="FWA_DataSource_003" time="0.0">
    <ignored/>
  </testcase> <!-- FWA_DataSource_003 -->
  <testcase classname="automationCases.DataSource" name="FWA_DataSource_002" time="0.0">
    <ignored/>
  </testcase> <!-- FWA_DataSource_002 -->
</testsuite> <!-- First Test -->
