<?xml version="1.0" encoding="UTF-8"?>
<!-- Generated by org.testng.reporters.JUnitXMLReporter -->
<testsuite ignored="6" hostname="AA-CLM-25" failures="0" tests="1" name="First Test" time="210.472" errors="0" timestamp="2022-09-01T12:58:12 PKT">
  <testcase classname="automationCases.UserManagement" name="FWA_UserManagement_001" time="210.416"/>
  <testcase classname="automationCases.UserManagement" name="FWA_Security_002" time="0.0">
    <ignored/>
  </testcase> <!-- FWA_Security_002 -->
  <testcase classname="automationCases.UserManagement" name="FWA_Security_001" time="0.0">
    <ignored/>
  </testcase> <!-- FWA_Security_001 -->
  <testcase classname="automationCases.UserManagement" name="FWA_Security_004" time="0.0">
    <ignored/>
  </testcase> <!-- FWA_Security_004 -->
  <testcase classname="automationCases.UserManagement" name="FWA_Security_003" time="0.0">
    <ignored/>
  </testcase> <!-- FWA_Security_003 -->
  <testcase classname="automationCases.UserManagement" name="FWA_Security_006" time="0.0">
    <ignored/>
  </testcase> <!-- FWA_Security_006 -->
  <testcase classname="automationCases.UserManagement" name="FWA_Security_005" time="0.0">
    <ignored/>
  </testcase> <!-- FWA_Security_005 -->
</testsuite> <!-- First Test -->
